<?xml version="1.0" encoding="UTF-8"?>
<TestRun id="da4951b5-a431-4317-92eb-e7b7bf76d5fe" name="chris.mankin@TLCINIR8FR0NY 2013-07-03 14:31:30" runUser="HQDOMAIN\chris.mankin" xmlns="http://microsoft.com/schemas/VisualStudio/TeamTest/2010">
  <TestSettings name="Local" id="70bce9e9-d360-4dd6-8af7-dd0eb2add29d">
    <Description>These are default test settings for a local test run.</Description>
    <Deployment enabled="false" runDeploymentRoot="chris.mankin_TLCINIR8FR0NY 2013-07-03 14_31_30">
      <DeploymentItem filename="C:\Users\chris.mankin\Documents\Visual Studio 2010\Projects\Development\Mercury Framework v2\Src\Mercury.Messaging.Core\bin\Release\Mercury.Messaging.Core.dll" />
      <DeploymentItem filename="C:\Users\chris.mankin\Documents\Visual Studio 2010\Projects\Development\Mercury Framework v2\Src\Mercury.Messaging.Behaviors\bin\Release\Mercury.Messaging.Behaviors.dll" />
      <DeploymentItem filename="C:\Users\chris.mankin\Documents\Visual Studio 2010\Projects\Development\Mercury Framework v2\Src\Mercury.Core\bin\Release\Mercury.Core.dll" />
    </Deployment>
    <Execution>
      <TestTypeSpecific />
      <AgentRule name="Execution Agents">
      </AgentRule>
    </Execution>
  </TestSettings>
  <Times creation="2013-07-03T14:31:30.4378412-05:00" queuing="2013-07-03T14:31:36.3195316-05:00" start="2013-07-03T14:31:36.4599334-05:00" finish="2013-07-03T14:32:37.2695130-05:00" />
  <ResultSummary outcome="Failed">
    <Counters total="43" executed="43" passed="35" error="0" failed="8" timeout="0" aborted="0" inconclusive="0" passedButRunAborted="0" notRunnable="0" notExecuted="0" disconnected="0" warning="0" completed="0" inProgress="0" pending="0" />
  </ResultSummary>
  <TestDefinitions>
    <UnitTest name="Exceed_max_resource_allocation" storage="c:\users\chris.mankin\documents\visual studio 2010\projects\development\mercury framework v2\src\mercury.messaging.test\bin\release\mercury.messaging.test.dll" id="3c15e855-5975-1e7a-9dc9-5cfcdae9e933">
      <Execution id="6062e75c-c803-4b80-b351-00f0da7f6aeb" />
      <TestMethod codeBase="C:/Users/chris.mankin/Documents/Visual Studio 2010/Projects/Development/Mercury Framework v2/Src/Mercury.Messaging.Test/bin/Release/Mercury.Messaging.Test.DLL" adapterTypeName="Microsoft.VisualStudio.TestTools.TestTypes.Unit.UnitTestAdapter, Microsoft.VisualStudio.QualityTools.Tips.UnitTest.Adapter, Version=10.0.0.0, Culture=neutral, PublicKeyToken=b03f5f7f11d50a3a" className="Mercury.Messaging.Test.ResourcePool_Specs, Mercury.Messaging.Test, Version=1.0.0.0, Culture=neutral, PublicKeyToken=b7c578f7c47ef72c" name="Exceed_max_resource_allocation" />
    </UnitTest>
    <UnitTest name="Stop_and_destroy_scheduler_before_scheduled_job_runs" storage="c:\users\chris.mankin\documents\visual studio 2010\projects\development\mercury framework v2\src\mercury.messaging.test\bin\release\mercury.messaging.test.dll" id="0852a28b-c48a-d69d-2818-eac8253f6042">
      <Execution id="30dc1db2-3b6d-4a55-82bd-a0af73e9f12e" />
      <TestMethod codeBase="C:/Users/chris.mankin/Documents/Visual Studio 2010/Projects/Development/Mercury Framework v2/Src/Mercury.Messaging.Test/bin/Release/Mercury.Messaging.Test.DLL" adapterTypeName="Microsoft.VisualStudio.TestTools.TestTypes.Unit.UnitTestAdapter, Microsoft.VisualStudio.QualityTools.Tips.UnitTest.Adapter, Version=10.0.0.0, Culture=neutral, PublicKeyToken=b03f5f7f11d50a3a" className="Mercury.Messaging.Test.Runtime.Scheduler_specs, Mercury.Messaging.Test, Version=1.0.0.0, Culture=neutral, PublicKeyToken=b7c578f7c47ef72c" name="Stop_and_destroy_scheduler_before_scheduled_job_runs" />
    </UnitTest>
    <UnitTest name="Allocate_max_resources_and_delete" storage="c:\users\chris.mankin\documents\visual studio 2010\projects\development\mercury framework v2\src\mercury.messaging.test\bin\release\mercury.messaging.test.dll" id="4511653a-5877-cac3-986d-27e4088bfb8c">
      <Execution id="ec6c26b0-de8c-4dd7-b664-cbd1e897a0e5" />
      <TestMethod codeBase="C:/Users/chris.mankin/Documents/Visual Studio 2010/Projects/Development/Mercury Framework v2/Src/Mercury.Messaging.Test/bin/Release/Mercury.Messaging.Test.DLL" adapterTypeName="Microsoft.VisualStudio.TestTools.TestTypes.Unit.UnitTestAdapter, Microsoft.VisualStudio.QualityTools.Tips.UnitTest.Adapter, Version=10.0.0.0, Culture=neutral, PublicKeyToken=b03f5f7f11d50a3a" className="Mercury.Messaging.Test.ResourcePool_Specs, Mercury.Messaging.Test, Version=1.0.0.0, Culture=neutral, PublicKeyToken=b7c578f7c47ef72c" name="Allocate_max_resources_and_delete" />
    </UnitTest>
    <UnitTest name="Get_remote_channel" storage="c:\users\chris.mankin\documents\visual studio 2010\projects\development\mercury framework v2\src\mercury.messaging.test\bin\release\mercury.messaging.test.dll" id="b483b428-b579-fd84-c8ac-7ed4a2b296b3">
      <Execution id="ac7300cb-ccfe-4567-967a-9bfe9d876bea" />
      <TestMethod codeBase="C:/Users/chris.mankin/Documents/Visual Studio 2010/Projects/Development/Mercury Framework v2/Src/Mercury.Messaging.Test/bin/Release/Mercury.Messaging.Test.DLL" adapterTypeName="Microsoft.VisualStudio.TestTools.TestTypes.Unit.UnitTestAdapter, Microsoft.VisualStudio.QualityTools.Tips.UnitTest.Adapter, Version=10.0.0.0, Culture=neutral, PublicKeyToken=b03f5f7f11d50a3a" className="Mercury.Messaging.Test.Routing.RoutingEngine_Specs, Mercury.Messaging.Test, Version=1.0.0.0, Culture=neutral, PublicKeyToken=b7c578f7c47ef72c" name="Get_remote_channel" />
    </UnitTest>
    <UnitTest name="Spawn_agent" storage="c:\users\chris.mankin\documents\visual studio 2010\projects\development\mercury framework v2\src\mercury.messaging.test\bin\release\mercury.messaging.test.dll" id="eca5a763-4adc-0657-74e3-0cad7d863649">
      <Execution id="d87452e8-eed3-472b-90dd-2e0430a37854" />
      <TestMethod codeBase="C:/Users/chris.mankin/Documents/Visual Studio 2010/Projects/Development/Mercury Framework v2/Src/Mercury.Messaging.Test/bin/Release/Mercury.Messaging.Test.DLL" adapterTypeName="Microsoft.VisualStudio.TestTools.TestTypes.Unit.UnitTestAdapter, Microsoft.VisualStudio.QualityTools.Tips.UnitTest.Adapter, Version=10.0.0.0, Culture=neutral, PublicKeyToken=b03f5f7f11d50a3a" className="Mercury.Messaging.Test.Runtime.RuntimeEnvironment_Specs, Mercury.Messaging.Test, Version=1.0.0.0, Culture=neutral, PublicKeyToken=b7c578f7c47ef72c" name="Spawn_agent" />
    </UnitTest>
    <UnitTest name="Runtime_serializer_generic_serialize" storage="c:\users\chris.mankin\documents\visual studio 2010\projects\development\mercury framework v2\src\mercury.messaging.test\bin\release\mercury.messaging.test.dll" id="34a77162-7efa-6097-63fd-c23fe1962e36">
      <Execution id="25c21d10-b474-4e99-b589-1ce533d2ec31" />
      <TestMethod codeBase="C:/Users/chris.mankin/Documents/Visual Studio 2010/Projects/Development/Mercury Framework v2/Src/Mercury.Messaging.Test/bin/Release/Mercury.Messaging.Test.DLL" adapterTypeName="Microsoft.VisualStudio.TestTools.TestTypes.Unit.UnitTestAdapter, Microsoft.VisualStudio.QualityTools.Tips.UnitTest.Adapter, Version=10.0.0.0, Culture=neutral, PublicKeyToken=b03f5f7f11d50a3a" className="Mercury.Messaging.Test.Serialization_specs, Mercury.Messaging.Test, Version=1.0.0.0, Culture=neutral, PublicKeyToken=b7c578f7c47ef72c" name="Runtime_serializer_generic_serialize" />
    </UnitTest>
    <UnitTest name="Link_two_agents_and_fail_two_way" storage="c:\users\chris.mankin\documents\visual studio 2010\projects\development\mercury framework v2\src\mercury.messaging.test\bin\release\mercury.messaging.test.dll" id="cef1a7d6-80b7-bb71-9d4e-6152d3266e0f">
      <Execution id="02aafb64-2181-4373-97c5-3eabe312a403" />
      <TestMethod codeBase="C:/Users/chris.mankin/Documents/Visual Studio 2010/Projects/Development/Mercury Framework v2/Src/Mercury.Messaging.Test/bin/Release/Mercury.Messaging.Test.DLL" adapterTypeName="Microsoft.VisualStudio.TestTools.TestTypes.Unit.UnitTestAdapter, Microsoft.VisualStudio.QualityTools.Tips.UnitTest.Adapter, Version=10.0.0.0, Culture=neutral, PublicKeyToken=b03f5f7f11d50a3a" className="Mercury.Messaging.Test.Agent_specs, Mercury.Messaging.Test, Version=1.0.0.0, Culture=neutral, PublicKeyToken=b7c578f7c47ef72c" name="Link_two_agents_and_fail_two_way" />
    </UnitTest>
    <UnitTest name="Delete_child_on_supervisor" storage="c:\users\chris.mankin\documents\visual studio 2010\projects\development\mercury framework v2\src\mercury.messaging.test\bin\release\mercury.messaging.test.dll" id="5881aa4a-28d3-5310-511a-93aab3cb48b4">
      <Execution id="fc1e9aff-a25f-4cf6-888e-4bce552d61ab" />
      <TestMethod codeBase="C:/Users/chris.mankin/Documents/Visual Studio 2010/Projects/Development/Mercury Framework v2/Src/Mercury.Messaging.Test/bin/Release/Mercury.Messaging.Test.DLL" adapterTypeName="Microsoft.VisualStudio.TestTools.TestTypes.Unit.UnitTestAdapter, Microsoft.VisualStudio.QualityTools.Tips.UnitTest.Adapter, Version=10.0.0.0, Culture=neutral, PublicKeyToken=b03f5f7f11d50a3a" className="Mercury.Messaging.Test.Behaviors.IPC2_Behaviors_specs, Mercury.Messaging.Test, Version=1.0.0.0, Culture=neutral, PublicKeyToken=b7c578f7c47ef72c" name="Delete_child_on_supervisor" />
    </UnitTest>
    <UnitTest name="Server_restart_throws_objectdisposedexception" storage="c:\users\chris.mankin\documents\visual studio 2010\projects\development\mercury framework v2\src\mercury.messaging.test\bin\release\mercury.messaging.test.dll" id="d6a426cd-e03b-cb18-2c1b-241a23fec56b">
      <Execution id="095938aa-3df7-4238-97e0-fe456af353ec" />
      <TestMethod codeBase="C:/Users/chris.mankin/Documents/Visual Studio 2010/Projects/Development/Mercury Framework v2/Src/Mercury.Messaging.Test/bin/Release/Mercury.Messaging.Test.DLL" adapterTypeName="Microsoft.VisualStudio.TestTools.TestTypes.Unit.UnitTestAdapter, Microsoft.VisualStudio.QualityTools.Tips.UnitTest.Adapter, Version=10.0.0.0, Culture=neutral, PublicKeyToken=b03f5f7f11d50a3a" className="Mercury.Messaging.Test.ServiceModel.ServiceModel_specs, Mercury.Messaging.Test, Version=1.0.0.0, Culture=neutral, PublicKeyToken=b7c578f7c47ef72c" name="Server_restart_throws_objectdisposedexception" />
    </UnitTest>
    <UnitTest name="Kill_agent" storage="c:\users\chris.mankin\documents\visual studio 2010\projects\development\mercury framework v2\src\mercury.messaging.test\bin\release\mercury.messaging.test.dll" id="d405f29a-7074-8e96-2504-ce8ecaf6c9fc">
      <Execution id="f998b2b1-7969-4061-9dc3-104d79b29c1f" />
      <TestMethod codeBase="C:/Users/chris.mankin/Documents/Visual Studio 2010/Projects/Development/Mercury Framework v2/Src/Mercury.Messaging.Test/bin/Release/Mercury.Messaging.Test.DLL" adapterTypeName="Microsoft.VisualStudio.TestTools.TestTypes.Unit.UnitTestAdapter, Microsoft.VisualStudio.QualityTools.Tips.UnitTest.Adapter, Version=10.0.0.0, Culture=neutral, PublicKeyToken=b03f5f7f11d50a3a" className="Mercury.Messaging.Test.Runtime.RuntimeEnvironment_Specs, Mercury.Messaging.Test, Version=1.0.0.0, Culture=neutral, PublicKeyToken=b7c578f7c47ef72c" name="Kill_agent" />
    </UnitTest>
    <UnitTest name="Startup_a_single_agent" storage="c:\users\chris.mankin\documents\visual studio 2010\projects\development\mercury framework v2\src\mercury.messaging.test\bin\release\mercury.messaging.test.dll" id="c7697583-428e-eb99-b91b-aca547fa3134">
      <Execution id="1de18634-ced4-47ff-be21-995ca27844e8" />
      <TestMethod codeBase="C:/Users/chris.mankin/Documents/Visual Studio 2010/Projects/Development/Mercury Framework v2/Src/Mercury.Messaging.Test/bin/Release/Mercury.Messaging.Test.DLL" adapterTypeName="Microsoft.VisualStudio.TestTools.TestTypes.Unit.UnitTestAdapter, Microsoft.VisualStudio.QualityTools.Tips.UnitTest.Adapter, Version=10.0.0.0, Culture=neutral, PublicKeyToken=b03f5f7f11d50a3a" className="Mercury.Messaging.Test.Agent_specs, Mercury.Messaging.Test, Version=1.0.0.0, Culture=neutral, PublicKeyToken=b7c578f7c47ef72c" name="Startup_a_single_agent" />
    </UnitTest>
    <UnitTest name="Create_supervisor_with_static_children" storage="c:\users\chris.mankin\documents\visual studio 2010\projects\development\mercury framework v2\src\mercury.messaging.test\bin\release\mercury.messaging.test.dll" id="9a826ded-91e6-6c88-ea16-1cdcc918f3c2">
      <Execution id="d3c32f01-aa86-46e6-bc07-0b7234a0b1d4" />
      <TestMethod codeBase="C:/Users/chris.mankin/Documents/Visual Studio 2010/Projects/Development/Mercury Framework v2/Src/Mercury.Messaging.Test/bin/Release/Mercury.Messaging.Test.DLL" adapterTypeName="Microsoft.VisualStudio.TestTools.TestTypes.Unit.UnitTestAdapter, Microsoft.VisualStudio.QualityTools.Tips.UnitTest.Adapter, Version=10.0.0.0, Culture=neutral, PublicKeyToken=b03f5f7f11d50a3a" className="Mercury.Messaging.Test.Behaviors.IPC2_Behaviors_specs, Mercury.Messaging.Test, Version=1.0.0.0, Culture=neutral, PublicKeyToken=b7c578f7c47ef72c" name="Create_supervisor_with_static_children" />
    </UnitTest>
    <UnitTest name="Add_to_resource_pool_and_get" storage="c:\users\chris.mankin\documents\visual studio 2010\projects\development\mercury framework v2\src\mercury.messaging.test\bin\release\mercury.messaging.test.dll" id="8c920792-1168-cefd-ff3e-fa6af75217a7">
      <Execution id="7d14fb86-ab3d-4b6f-8963-f2463598765e" />
      <TestMethod codeBase="C:/Users/chris.mankin/Documents/Visual Studio 2010/Projects/Development/Mercury Framework v2/Src/Mercury.Messaging.Test/bin/Release/Mercury.Messaging.Test.DLL" adapterTypeName="Microsoft.VisualStudio.TestTools.TestTypes.Unit.UnitTestAdapter, Microsoft.VisualStudio.QualityTools.Tips.UnitTest.Adapter, Version=10.0.0.0, Culture=neutral, PublicKeyToken=b03f5f7f11d50a3a" className="Mercury.Messaging.Test.ResourcePool_Specs, Mercury.Messaging.Test, Version=1.0.0.0, Culture=neutral, PublicKeyToken=b7c578f7c47ef72c" name="Add_to_resource_pool_and_get" />
    </UnitTest>
    <UnitTest name="Register_unregister_remote_node" storage="c:\users\chris.mankin\documents\visual studio 2010\projects\development\mercury framework v2\src\mercury.messaging.test\bin\release\mercury.messaging.test.dll" id="85920440-a20c-384e-9aff-95bf6a07bc09">
      <Execution id="39c5c662-6fb2-463d-8e88-a15b3ce275b9" />
      <TestMethod codeBase="C:/Users/chris.mankin/Documents/Visual Studio 2010/Projects/Development/Mercury Framework v2/Src/Mercury.Messaging.Test/bin/Release/Mercury.Messaging.Test.DLL" adapterTypeName="Microsoft.VisualStudio.TestTools.TestTypes.Unit.UnitTestAdapter, Microsoft.VisualStudio.QualityTools.Tips.UnitTest.Adapter, Version=10.0.0.0, Culture=neutral, PublicKeyToken=b03f5f7f11d50a3a" className="Mercury.Messaging.Test.Routing.RoutingEngine_Specs, Mercury.Messaging.Test, Version=1.0.0.0, Culture=neutral, PublicKeyToken=b7c578f7c47ef72c" name="Register_unregister_remote_node" />
    </UnitTest>
    <UnitTest name="Dynamic_add_child_to_supervisor" storage="c:\users\chris.mankin\documents\visual studio 2010\projects\development\mercury framework v2\src\mercury.messaging.test\bin\release\mercury.messaging.test.dll" id="aadf6f3b-dfca-829f-ad7d-c8274fa9f43c">
      <Execution id="0237662d-d82f-4a11-865d-4437f20628d0" />
      <TestMethod codeBase="C:/Users/chris.mankin/Documents/Visual Studio 2010/Projects/Development/Mercury Framework v2/Src/Mercury.Messaging.Test/bin/Release/Mercury.Messaging.Test.DLL" adapterTypeName="Microsoft.VisualStudio.TestTools.TestTypes.Unit.UnitTestAdapter, Microsoft.VisualStudio.QualityTools.Tips.UnitTest.Adapter, Version=10.0.0.0, Culture=neutral, PublicKeyToken=b03f5f7f11d50a3a" className="Mercury.Messaging.Test.Behaviors.IPC2_Behaviors_specs, Mercury.Messaging.Test, Version=1.0.0.0, Culture=neutral, PublicKeyToken=b7c578f7c47ef72c" name="Dynamic_add_child_to_supervisor" />
    </UnitTest>
    <UnitTest name="Future_can_be_called_twice_without_consequences" storage="c:\users\chris.mankin\documents\visual studio 2010\projects\development\mercury framework v2\src\mercury.messaging.test\bin\release\mercury.messaging.test.dll" id="c9a7b42c-6ec9-069d-8c66-1db5d51e2f51">
      <Execution id="565409a5-99b9-45ac-a412-4b7213f7cda7" />
      <TestMethod codeBase="C:/Users/chris.mankin/Documents/Visual Studio 2010/Projects/Development/Mercury Framework v2/Src/Mercury.Messaging.Test/bin/Release/Mercury.Messaging.Test.DLL" adapterTypeName="Microsoft.VisualStudio.TestTools.TestTypes.Unit.UnitTestAdapter, Microsoft.VisualStudio.QualityTools.Tips.UnitTest.Adapter, Version=10.0.0.0, Culture=neutral, PublicKeyToken=b03f5f7f11d50a3a" className="Mercury.Messaging.Test.Agent_specs, Mercury.Messaging.Test, Version=1.0.0.0, Culture=neutral, PublicKeyToken=b7c578f7c47ef72c" name="Future_can_be_called_twice_without_consequences" />
    </UnitTest>
    <UnitTest name="Agent_ordered_message_processing" storage="c:\users\chris.mankin\documents\visual studio 2010\projects\development\mercury framework v2\src\mercury.messaging.test\bin\release\mercury.messaging.test.dll" id="7de326f8-604a-2cdb-a0ba-49bd2a4fb803">
      <Execution id="d2bb6a1c-4ef4-4a1b-a1ab-2894df12e9f3" />
      <TestMethod codeBase="C:/Users/chris.mankin/Documents/Visual Studio 2010/Projects/Development/Mercury Framework v2/Src/Mercury.Messaging.Test/bin/Release/Mercury.Messaging.Test.DLL" adapterTypeName="Microsoft.VisualStudio.TestTools.TestTypes.Unit.UnitTestAdapter, Microsoft.VisualStudio.QualityTools.Tips.UnitTest.Adapter, Version=10.0.0.0, Culture=neutral, PublicKeyToken=b03f5f7f11d50a3a" className="Mercury.Messaging.Test.Agent_specs, Mercury.Messaging.Test, Version=1.0.0.0, Culture=neutral, PublicKeyToken=b7c578f7c47ef72c" name="Agent_ordered_message_processing" />
    </UnitTest>
    <UnitTest name="Schedule_multiple_periodic_actions_with_timer" storage="c:\users\chris.mankin\documents\visual studio 2010\projects\development\mercury framework v2\src\mercury.messaging.test\bin\release\mercury.messaging.test.dll" id="db84d05c-ceef-752f-fc41-fcd28ba121e4">
      <Execution id="1d6b7556-83c9-4179-8766-5dfbb49592fd" />
      <TestMethod codeBase="C:/Users/chris.mankin/Documents/Visual Studio 2010/Projects/Development/Mercury Framework v2/Src/Mercury.Messaging.Test/bin/Release/Mercury.Messaging.Test.DLL" adapterTypeName="Microsoft.VisualStudio.TestTools.TestTypes.Unit.UnitTestAdapter, Microsoft.VisualStudio.QualityTools.Tips.UnitTest.Adapter, Version=10.0.0.0, Culture=neutral, PublicKeyToken=b03f5f7f11d50a3a" className="Mercury.Messaging.Test.Runtime.Scheduler_specs, Mercury.Messaging.Test, Version=1.0.0.0, Culture=neutral, PublicKeyToken=b7c578f7c47ef72c" name="Schedule_multiple_periodic_actions_with_timer" />
    </UnitTest>
    <UnitTest name="Worker_restart_strategy_specs" storage="c:\users\chris.mankin\documents\visual studio 2010\projects\development\mercury framework v2\src\mercury.messaging.test\bin\release\mercury.messaging.test.dll" id="6c7d3701-bd1b-f377-360d-c15edf59f69a">
      <Execution id="1cbb640b-23f0-466c-aea3-1eb929e5f6a5" />
      <TestMethod codeBase="C:/Users/chris.mankin/Documents/Visual Studio 2010/Projects/Development/Mercury Framework v2/Src/Mercury.Messaging.Test/bin/Release/Mercury.Messaging.Test.DLL" adapterTypeName="Microsoft.VisualStudio.TestTools.TestTypes.Unit.UnitTestAdapter, Microsoft.VisualStudio.QualityTools.Tips.UnitTest.Adapter, Version=10.0.0.0, Culture=neutral, PublicKeyToken=b03f5f7f11d50a3a" className="Mercury.Messaging.Test.Behaviors.IPC2_Behaviors_specs, Mercury.Messaging.Test, Version=1.0.0.0, Culture=neutral, PublicKeyToken=b7c578f7c47ef72c" name="Worker_restart_strategy_specs" />
    </UnitTest>
    <UnitTest name="Create_supervisor_with_static_and_dynamic_children" storage="c:\users\chris.mankin\documents\visual studio 2010\projects\development\mercury framework v2\src\mercury.messaging.test\bin\release\mercury.messaging.test.dll" id="91ace8bf-68d2-52b5-8710-87fbedc1d498">
      <Execution id="2402b54d-bc87-4f8b-a430-0b6b4cdde207" />
      <TestMethod codeBase="C:/Users/chris.mankin/Documents/Visual Studio 2010/Projects/Development/Mercury Framework v2/Src/Mercury.Messaging.Test/bin/Release/Mercury.Messaging.Test.DLL" adapterTypeName="Microsoft.VisualStudio.TestTools.TestTypes.Unit.UnitTestAdapter, Microsoft.VisualStudio.QualityTools.Tips.UnitTest.Adapter, Version=10.0.0.0, Culture=neutral, PublicKeyToken=b03f5f7f11d50a3a" className="Mercury.Messaging.Test.Behaviors.IPC2_Behaviors_specs, Mercury.Messaging.Test, Version=1.0.0.0, Culture=neutral, PublicKeyToken=b7c578f7c47ef72c" name="Create_supervisor_with_static_and_dynamic_children" />
    </UnitTest>
    <UnitTest name="Get_untyped_agent_channel" storage="c:\users\chris.mankin\documents\visual studio 2010\projects\development\mercury framework v2\src\mercury.messaging.test\bin\release\mercury.messaging.test.dll" id="31b4181d-ec7b-2ff6-24da-c465245fe315">
      <Execution id="5f0e92ac-dd11-448e-8c5c-964878c1ee6e" />
      <TestMethod codeBase="C:/Users/chris.mankin/Documents/Visual Studio 2010/Projects/Development/Mercury Framework v2/Src/Mercury.Messaging.Test/bin/Release/Mercury.Messaging.Test.DLL" adapterTypeName="Microsoft.VisualStudio.TestTools.TestTypes.Unit.UnitTestAdapter, Microsoft.VisualStudio.QualityTools.Tips.UnitTest.Adapter, Version=10.0.0.0, Culture=neutral, PublicKeyToken=b03f5f7f11d50a3a" className="Mercury.Messaging.Test.Routing.RoutingEngine_Specs, Mercury.Messaging.Test, Version=1.0.0.0, Culture=neutral, PublicKeyToken=b7c578f7c47ef72c" name="Get_untyped_agent_channel" />
    </UnitTest>
    <UnitTest name="Interrupt_message_interleaves_current_messages" storage="c:\users\chris.mankin\documents\visual studio 2010\projects\development\mercury framework v2\src\mercury.messaging.test\bin\release\mercury.messaging.test.dll" id="1645d958-cc20-e5c9-2b5d-2cc410c694f5">
      <Execution id="92cfbefa-f5fb-401f-830f-a51320b7dd21" />
      <TestMethod codeBase="C:/Users/chris.mankin/Documents/Visual Studio 2010/Projects/Development/Mercury Framework v2/Src/Mercury.Messaging.Test/bin/Release/Mercury.Messaging.Test.DLL" adapterTypeName="Microsoft.VisualStudio.TestTools.TestTypes.Unit.UnitTestAdapter, Microsoft.VisualStudio.QualityTools.Tips.UnitTest.Adapter, Version=10.0.0.0, Culture=neutral, PublicKeyToken=b03f5f7f11d50a3a" className="Mercury.Messaging.Test.Agent_specs, Mercury.Messaging.Test, Version=1.0.0.0, Culture=neutral, PublicKeyToken=b7c578f7c47ef72c" name="Interrupt_message_interleaves_current_messages" />
    </UnitTest>
    <UnitTest name="Serialize_serial_message_for_packet" storage="c:\users\chris.mankin\documents\visual studio 2010\projects\development\mercury framework v2\src\mercury.messaging.test\bin\release\mercury.messaging.test.dll" id="347a5637-8c65-f977-2901-0dfc2014e5a8">
      <Execution id="97b4e3d0-fffc-450d-ae4b-60e0baad2fed" />
      <TestMethod codeBase="C:/Users/chris.mankin/Documents/Visual Studio 2010/Projects/Development/Mercury Framework v2/Src/Mercury.Messaging.Test/bin/Release/Mercury.Messaging.Test.DLL" adapterTypeName="Microsoft.VisualStudio.TestTools.TestTypes.Unit.UnitTestAdapter, Microsoft.VisualStudio.QualityTools.Tips.UnitTest.Adapter, Version=10.0.0.0, Culture=neutral, PublicKeyToken=b03f5f7f11d50a3a" className="Mercury.Messaging.Test.Serialization_specs, Mercury.Messaging.Test, Version=1.0.0.0, Culture=neutral, PublicKeyToken=b7c578f7c47ef72c" name="Serialize_serial_message_for_packet" />
    </UnitTest>
    <UnitTest name="Server_hosting_startup_and_shutdown_specs" storage="c:\users\chris.mankin\documents\visual studio 2010\projects\development\mercury framework v2\src\mercury.messaging.test\bin\release\mercury.messaging.test.dll" id="26409843-b364-aa89-90ff-0161257bef80">
      <Execution id="022eae25-1d5d-44e6-9dd3-8e01317c0510" />
      <TestMethod codeBase="C:/Users/chris.mankin/Documents/Visual Studio 2010/Projects/Development/Mercury Framework v2/Src/Mercury.Messaging.Test/bin/Release/Mercury.Messaging.Test.DLL" adapterTypeName="Microsoft.VisualStudio.TestTools.TestTypes.Unit.UnitTestAdapter, Microsoft.VisualStudio.QualityTools.Tips.UnitTest.Adapter, Version=10.0.0.0, Culture=neutral, PublicKeyToken=b03f5f7f11d50a3a" className="Mercury.Messaging.Test.ServiceModel.ServiceModel_specs, Mercury.Messaging.Test, Version=1.0.0.0, Culture=neutral, PublicKeyToken=b7c578f7c47ef72c" name="Server_hosting_startup_and_shutdown_specs" />
    </UnitTest>
    <UnitTest name="Schedule_action_with_timer" storage="c:\users\chris.mankin\documents\visual studio 2010\projects\development\mercury framework v2\src\mercury.messaging.test\bin\release\mercury.messaging.test.dll" id="b79d2efb-1850-adbf-e8e5-b4aff9f2d0d8">
      <Execution id="a13bf900-50bc-4430-8ee7-0088083f9168" />
      <TestMethod codeBase="C:/Users/chris.mankin/Documents/Visual Studio 2010/Projects/Development/Mercury Framework v2/Src/Mercury.Messaging.Test/bin/Release/Mercury.Messaging.Test.DLL" adapterTypeName="Microsoft.VisualStudio.TestTools.TestTypes.Unit.UnitTestAdapter, Microsoft.VisualStudio.QualityTools.Tips.UnitTest.Adapter, Version=10.0.0.0, Culture=neutral, PublicKeyToken=b03f5f7f11d50a3a" className="Mercury.Messaging.Test.Runtime.Scheduler_specs, Mercury.Messaging.Test, Version=1.0.0.0, Culture=neutral, PublicKeyToken=b7c578f7c47ef72c" name="Schedule_action_with_timer" />
    </UnitTest>
    <UnitTest name="Dispose_resources" storage="c:\users\chris.mankin\documents\visual studio 2010\projects\development\mercury framework v2\src\mercury.messaging.test\bin\release\mercury.messaging.test.dll" id="a5b09d0c-1248-df41-4aa5-858a99dbe688">
      <Execution id="71ed08ff-bf10-4515-9d28-d4d0334d3c24" />
      <TestMethod codeBase="C:/Users/chris.mankin/Documents/Visual Studio 2010/Projects/Development/Mercury Framework v2/Src/Mercury.Messaging.Test/bin/Release/Mercury.Messaging.Test.DLL" adapterTypeName="Microsoft.VisualStudio.TestTools.TestTypes.Unit.UnitTestAdapter, Microsoft.VisualStudio.QualityTools.Tips.UnitTest.Adapter, Version=10.0.0.0, Culture=neutral, PublicKeyToken=b03f5f7f11d50a3a" className="Mercury.Messaging.Test.ResourcePool_Specs, Mercury.Messaging.Test, Version=1.0.0.0, Culture=neutral, PublicKeyToken=b7c578f7c47ef72c" name="Dispose_resources" />
    </UnitTest>
    <UnitTest name="Create_generic_server_and_ping" storage="c:\users\chris.mankin\documents\visual studio 2010\projects\development\mercury framework v2\src\mercury.messaging.test\bin\release\mercury.messaging.test.dll" id="60142f42-a44a-6dc1-83cd-62d152f78edc">
      <Execution id="ba558d68-e728-4117-8b70-ae01a75369c2" />
      <TestMethod codeBase="C:/Users/chris.mankin/Documents/Visual Studio 2010/Projects/Development/Mercury Framework v2/Src/Mercury.Messaging.Test/bin/Release/Mercury.Messaging.Test.DLL" adapterTypeName="Microsoft.VisualStudio.TestTools.TestTypes.Unit.UnitTestAdapter, Microsoft.VisualStudio.QualityTools.Tips.UnitTest.Adapter, Version=10.0.0.0, Culture=neutral, PublicKeyToken=b03f5f7f11d50a3a" className="Mercury.Messaging.Test.Behaviors.IPC2_Behaviors_specs, Mercury.Messaging.Test, Version=1.0.0.0, Culture=neutral, PublicKeyToken=b7c578f7c47ef72c" name="Create_generic_server_and_ping" />
    </UnitTest>
    <UnitTest name="Custom_supervisor_agent_tests" storage="c:\users\chris.mankin\documents\visual studio 2010\projects\development\mercury framework v2\src\mercury.messaging.test\bin\release\mercury.messaging.test.dll" id="91c062f8-343b-a991-c293-c1e685a68b9a">
      <Execution id="cfa3e9e2-9cb4-4894-9b81-c0614a2359f3" />
      <TestMethod codeBase="C:/Users/chris.mankin/Documents/Visual Studio 2010/Projects/Development/Mercury Framework v2/Src/Mercury.Messaging.Test/bin/Release/Mercury.Messaging.Test.DLL" adapterTypeName="Microsoft.VisualStudio.TestTools.TestTypes.Unit.UnitTestAdapter, Microsoft.VisualStudio.QualityTools.Tips.UnitTest.Adapter, Version=10.0.0.0, Culture=neutral, PublicKeyToken=b03f5f7f11d50a3a" className="Mercury.Messaging.Test.Agent_specs, Mercury.Messaging.Test, Version=1.0.0.0, Culture=neutral, PublicKeyToken=b7c578f7c47ef72c" name="Custom_supervisor_agent_tests" />
    </UnitTest>
    <UnitTest name="Serialize_deserialize_request_and_response" storage="c:\users\chris.mankin\documents\visual studio 2010\projects\development\mercury framework v2\src\mercury.messaging.test\bin\release\mercury.messaging.test.dll" id="304e451a-ea36-277d-5e7d-fc0bff0cd3f6">
      <Execution id="71e574e3-ee56-4a9a-8217-4fb3fa2dad40" />
      <TestMethod codeBase="C:/Users/chris.mankin/Documents/Visual Studio 2010/Projects/Development/Mercury Framework v2/Src/Mercury.Messaging.Test/bin/Release/Mercury.Messaging.Test.DLL" adapterTypeName="Microsoft.VisualStudio.TestTools.TestTypes.Unit.UnitTestAdapter, Microsoft.VisualStudio.QualityTools.Tips.UnitTest.Adapter, Version=10.0.0.0, Culture=neutral, PublicKeyToken=b03f5f7f11d50a3a" className="Mercury.Messaging.Test.Serialization_specs, Mercury.Messaging.Test, Version=1.0.0.0, Culture=neutral, PublicKeyToken=b7c578f7c47ef72c" name="Serialize_deserialize_request_and_response" />
    </UnitTest>
    <UnitTest name="Agent_futures" storage="c:\users\chris.mankin\documents\visual studio 2010\projects\development\mercury framework v2\src\mercury.messaging.test\bin\release\mercury.messaging.test.dll" id="867e3c33-e403-1cd7-16a2-17336a191186">
      <Execution id="f9031011-54d9-4a09-942a-c664ffb098e4" />
      <TestMethod codeBase="C:/Users/chris.mankin/Documents/Visual Studio 2010/Projects/Development/Mercury Framework v2/Src/Mercury.Messaging.Test/bin/Release/Mercury.Messaging.Test.DLL" adapterTypeName="Microsoft.VisualStudio.TestTools.TestTypes.Unit.UnitTestAdapter, Microsoft.VisualStudio.QualityTools.Tips.UnitTest.Adapter, Version=10.0.0.0, Culture=neutral, PublicKeyToken=b03f5f7f11d50a3a" className="Mercury.Messaging.Test.Agent_specs, Mercury.Messaging.Test, Version=1.0.0.0, Culture=neutral, PublicKeyToken=b7c578f7c47ef72c" name="Agent_futures" />
    </UnitTest>
    <UnitTest name="Get_agent_by_type" storage="c:\users\chris.mankin\documents\visual studio 2010\projects\development\mercury framework v2\src\mercury.messaging.test\bin\release\mercury.messaging.test.dll" id="00bc8ce0-5bad-658a-8e6a-37d2519ca164">
      <Execution id="9cff0e96-d6db-4b3b-a53d-4753e813631a" />
      <TestMethod codeBase="C:/Users/chris.mankin/Documents/Visual Studio 2010/Projects/Development/Mercury Framework v2/Src/Mercury.Messaging.Test/bin/Release/Mercury.Messaging.Test.DLL" adapterTypeName="Microsoft.VisualStudio.TestTools.TestTypes.Unit.UnitTestAdapter, Microsoft.VisualStudio.QualityTools.Tips.UnitTest.Adapter, Version=10.0.0.0, Culture=neutral, PublicKeyToken=b03f5f7f11d50a3a" className="Mercury.Messaging.Test.Routing.RoutingEngine_Specs, Mercury.Messaging.Test, Version=1.0.0.0, Culture=neutral, PublicKeyToken=b7c578f7c47ef72c" name="Get_agent_by_type" />
    </UnitTest>
    <UnitTest name="Agent_request_response" storage="c:\users\chris.mankin\documents\visual studio 2010\projects\development\mercury framework v2\src\mercury.messaging.test\bin\release\mercury.messaging.test.dll" id="ffb28761-b29a-8cc4-3039-e3c502756163">
      <Execution id="dc57f3f7-53fd-41a9-b305-44c2611368bd" />
      <TestMethod codeBase="C:/Users/chris.mankin/Documents/Visual Studio 2010/Projects/Development/Mercury Framework v2/Src/Mercury.Messaging.Test/bin/Release/Mercury.Messaging.Test.DLL" adapterTypeName="Microsoft.VisualStudio.TestTools.TestTypes.Unit.UnitTestAdapter, Microsoft.VisualStudio.QualityTools.Tips.UnitTest.Adapter, Version=10.0.0.0, Culture=neutral, PublicKeyToken=b03f5f7f11d50a3a" className="Mercury.Messaging.Test.Agent_specs, Mercury.Messaging.Test, Version=1.0.0.0, Culture=neutral, PublicKeyToken=b7c578f7c47ef72c" name="Agent_request_response" />
    </UnitTest>
    <UnitTest name="Cancel_scheduled_job" storage="c:\users\chris.mankin\documents\visual studio 2010\projects\development\mercury framework v2\src\mercury.messaging.test\bin\release\mercury.messaging.test.dll" id="db69da61-df53-cbd5-c428-1cbe1fdb5535">
      <Execution id="e8561b19-0e6e-4b4e-bdea-a6897536748e" />
      <TestMethod codeBase="C:/Users/chris.mankin/Documents/Visual Studio 2010/Projects/Development/Mercury Framework v2/Src/Mercury.Messaging.Test/bin/Release/Mercury.Messaging.Test.DLL" adapterTypeName="Microsoft.VisualStudio.TestTools.TestTypes.Unit.UnitTestAdapter, Microsoft.VisualStudio.QualityTools.Tips.UnitTest.Adapter, Version=10.0.0.0, Culture=neutral, PublicKeyToken=b03f5f7f11d50a3a" className="Mercury.Messaging.Test.Runtime.Scheduler_specs, Mercury.Messaging.Test, Version=1.0.0.0, Culture=neutral, PublicKeyToken=b7c578f7c47ef72c" name="Cancel_scheduled_job" />
    </UnitTest>
    <UnitTest name="Stop_and_restart_child_on_supervisor" storage="c:\users\chris.mankin\documents\visual studio 2010\projects\development\mercury framework v2\src\mercury.messaging.test\bin\release\mercury.messaging.test.dll" id="30611ae3-90da-5892-737e-283036df56d2">
      <Execution id="c4f03fbe-ebe0-4ffb-80e6-eee62d460acb" />
      <TestMethod codeBase="C:/Users/chris.mankin/Documents/Visual Studio 2010/Projects/Development/Mercury Framework v2/Src/Mercury.Messaging.Test/bin/Release/Mercury.Messaging.Test.DLL" adapterTypeName="Microsoft.VisualStudio.TestTools.TestTypes.Unit.UnitTestAdapter, Microsoft.VisualStudio.QualityTools.Tips.UnitTest.Adapter, Version=10.0.0.0, Culture=neutral, PublicKeyToken=b03f5f7f11d50a3a" className="Mercury.Messaging.Test.Behaviors.IPC2_Behaviors_specs, Mercury.Messaging.Test, Version=1.0.0.0, Culture=neutral, PublicKeyToken=b7c578f7c47ef72c" name="Stop_and_restart_child_on_supervisor" />
    </UnitTest>
    <UnitTest name="Agent_ping_pong" storage="c:\users\chris.mankin\documents\visual studio 2010\projects\development\mercury framework v2\src\mercury.messaging.test\bin\release\mercury.messaging.test.dll" id="356d90d3-1349-08cc-10e5-9950436906ac">
      <Execution id="b0a13bf7-bc10-4b71-9207-84afaf43dd6d" />
      <TestMethod codeBase="C:/Users/chris.mankin/Documents/Visual Studio 2010/Projects/Development/Mercury Framework v2/Src/Mercury.Messaging.Test/bin/Release/Mercury.Messaging.Test.DLL" adapterTypeName="Microsoft.VisualStudio.TestTools.TestTypes.Unit.UnitTestAdapter, Microsoft.VisualStudio.QualityTools.Tips.UnitTest.Adapter, Version=10.0.0.0, Culture=neutral, PublicKeyToken=b03f5f7f11d50a3a" className="Mercury.Messaging.Test.Agent_specs, Mercury.Messaging.Test, Version=1.0.0.0, Culture=neutral, PublicKeyToken=b7c578f7c47ef72c" name="Agent_ping_pong" />
    </UnitTest>
    <UnitTest name="Delete_from_resource_pool" storage="c:\users\chris.mankin\documents\visual studio 2010\projects\development\mercury framework v2\src\mercury.messaging.test\bin\release\mercury.messaging.test.dll" id="26e53e01-20bc-7de3-aec4-525817ed286c">
      <Execution id="354d7ea3-1a2b-451c-8b10-ae557b84c42d" />
      <TestMethod codeBase="C:/Users/chris.mankin/Documents/Visual Studio 2010/Projects/Development/Mercury Framework v2/Src/Mercury.Messaging.Test/bin/Release/Mercury.Messaging.Test.DLL" adapterTypeName="Microsoft.VisualStudio.TestTools.TestTypes.Unit.UnitTestAdapter, Microsoft.VisualStudio.QualityTools.Tips.UnitTest.Adapter, Version=10.0.0.0, Culture=neutral, PublicKeyToken=b03f5f7f11d50a3a" className="Mercury.Messaging.Test.ResourcePool_Specs, Mercury.Messaging.Test, Version=1.0.0.0, Culture=neutral, PublicKeyToken=b7c578f7c47ef72c" name="Delete_from_resource_pool" />
    </UnitTest>
    <UnitTest name="Get_all_children_on_supervisor" storage="c:\users\chris.mankin\documents\visual studio 2010\projects\development\mercury framework v2\src\mercury.messaging.test\bin\release\mercury.messaging.test.dll" id="1b20e729-e5c5-ecb0-513d-a569a255ac22">
      <Execution id="c482af89-04aa-4e61-b946-8f68ba3f1788" />
      <TestMethod codeBase="C:/Users/chris.mankin/Documents/Visual Studio 2010/Projects/Development/Mercury Framework v2/Src/Mercury.Messaging.Test/bin/Release/Mercury.Messaging.Test.DLL" adapterTypeName="Microsoft.VisualStudio.TestTools.TestTypes.Unit.UnitTestAdapter, Microsoft.VisualStudio.QualityTools.Tips.UnitTest.Adapter, Version=10.0.0.0, Culture=neutral, PublicKeyToken=b03f5f7f11d50a3a" className="Mercury.Messaging.Test.Behaviors.IPC2_Behaviors_specs, Mercury.Messaging.Test, Version=1.0.0.0, Culture=neutral, PublicKeyToken=b7c578f7c47ef72c" name="Get_all_children_on_supervisor" />
    </UnitTest>
    <UnitTest name="Send_message" storage="c:\users\chris.mankin\documents\visual studio 2010\projects\development\mercury framework v2\src\mercury.messaging.test\bin\release\mercury.messaging.test.dll" id="7d19b0d8-26c7-e13a-0918-b79afe07f6cb">
      <Execution id="458ff735-7e7d-4a2c-9cd0-cac25978f634" />
      <TestMethod codeBase="C:/Users/chris.mankin/Documents/Visual Studio 2010/Projects/Development/Mercury Framework v2/Src/Mercury.Messaging.Test/bin/Release/Mercury.Messaging.Test.DLL" adapterTypeName="Microsoft.VisualStudio.TestTools.TestTypes.Unit.UnitTestAdapter, Microsoft.VisualStudio.QualityTools.Tips.UnitTest.Adapter, Version=10.0.0.0, Culture=neutral, PublicKeyToken=b03f5f7f11d50a3a" className="Mercury.Messaging.Test.Routing.RoutingEngine_Specs, Mercury.Messaging.Test, Version=1.0.0.0, Culture=neutral, PublicKeyToken=b7c578f7c47ef72c" name="Send_message" />
    </UnitTest>
    <UnitTest name="Resolve_remote_node" storage="c:\users\chris.mankin\documents\visual studio 2010\projects\development\mercury framework v2\src\mercury.messaging.test\bin\release\mercury.messaging.test.dll" id="bd673b3c-90ca-2748-44de-c6e4c3eca644">
      <Execution id="040ee476-eb18-4e18-9f8d-61e0720ec7e2" />
      <TestMethod codeBase="C:/Users/chris.mankin/Documents/Visual Studio 2010/Projects/Development/Mercury Framework v2/Src/Mercury.Messaging.Test/bin/Release/Mercury.Messaging.Test.DLL" adapterTypeName="Microsoft.VisualStudio.TestTools.TestTypes.Unit.UnitTestAdapter, Microsoft.VisualStudio.QualityTools.Tips.UnitTest.Adapter, Version=10.0.0.0, Culture=neutral, PublicKeyToken=b03f5f7f11d50a3a" className="Mercury.Messaging.Test.Routing.RoutingEngine_Specs, Mercury.Messaging.Test, Version=1.0.0.0, Culture=neutral, PublicKeyToken=b7c578f7c47ef72c" name="Resolve_remote_node" />
    </UnitTest>
    <UnitTest name="Run_simple_packet_protocol" storage="c:\users\chris.mankin\documents\visual studio 2010\projects\development\mercury framework v2\src\mercury.messaging.test\bin\release\mercury.messaging.test.dll" id="c0255a92-5f31-fe3c-9b4d-1b6503948ef8">
      <Execution id="03bc1d00-20eb-4bc4-bcf4-74537aaf47ab" />
      <TestMethod codeBase="C:/Users/chris.mankin/Documents/Visual Studio 2010/Projects/Development/Mercury Framework v2/Src/Mercury.Messaging.Test/bin/Release/Mercury.Messaging.Test.DLL" adapterTypeName="Microsoft.VisualStudio.TestTools.TestTypes.Unit.UnitTestAdapter, Microsoft.VisualStudio.QualityTools.Tips.UnitTest.Adapter, Version=10.0.0.0, Culture=neutral, PublicKeyToken=b03f5f7f11d50a3a" className="Mercury.Messaging.Test.ServiceModel.ServiceModel_specs, Mercury.Messaging.Test, Version=1.0.0.0, Culture=neutral, PublicKeyToken=b7c578f7c47ef72c" name="Run_simple_packet_protocol" />
    </UnitTest>
    <UnitTest name="Future_accumulates_messages_while_waiting_for_result" storage="c:\users\chris.mankin\documents\visual studio 2010\projects\development\mercury framework v2\src\mercury.messaging.test\bin\release\mercury.messaging.test.dll" id="dee139b8-437d-98e4-8e02-68ce168542d2">
      <Execution id="e1dc33a8-2bb3-46bc-9158-3fa51de2029e" />
      <TestMethod codeBase="C:/Users/chris.mankin/Documents/Visual Studio 2010/Projects/Development/Mercury Framework v2/Src/Mercury.Messaging.Test/bin/Release/Mercury.Messaging.Test.DLL" adapterTypeName="Microsoft.VisualStudio.TestTools.TestTypes.Unit.UnitTestAdapter, Microsoft.VisualStudio.QualityTools.Tips.UnitTest.Adapter, Version=10.0.0.0, Culture=neutral, PublicKeyToken=b03f5f7f11d50a3a" className="Mercury.Messaging.Test.Agent_specs, Mercury.Messaging.Test, Version=1.0.0.0, Culture=neutral, PublicKeyToken=b7c578f7c47ef72c" name="Future_accumulates_messages_while_waiting_for_result" />
    </UnitTest>
    <UnitTest name="Synchronous_message_blocks_until_complete" storage="c:\users\chris.mankin\documents\visual studio 2010\projects\development\mercury framework v2\src\mercury.messaging.test\bin\release\mercury.messaging.test.dll" id="fbf19baf-adef-42c8-f964-b6feea0d5ea2">
      <Execution id="47cd627e-b3c2-445f-9e91-2589e61e010c" />
      <TestMethod codeBase="C:/Users/chris.mankin/Documents/Visual Studio 2010/Projects/Development/Mercury Framework v2/Src/Mercury.Messaging.Test/bin/Release/Mercury.Messaging.Test.DLL" adapterTypeName="Microsoft.VisualStudio.TestTools.TestTypes.Unit.UnitTestAdapter, Microsoft.VisualStudio.QualityTools.Tips.UnitTest.Adapter, Version=10.0.0.0, Culture=neutral, PublicKeyToken=b03f5f7f11d50a3a" className="Mercury.Messaging.Test.Agent_specs, Mercury.Messaging.Test, Version=1.0.0.0, Culture=neutral, PublicKeyToken=b7c578f7c47ef72c" name="Synchronous_message_blocks_until_complete" />
    </UnitTest>
    <UnitTest name="Implicit_get_registered_node_remote_channel" storage="c:\users\chris.mankin\documents\visual studio 2010\projects\development\mercury framework v2\src\mercury.messaging.test\bin\release\mercury.messaging.test.dll" id="266230a6-f9a8-fe8d-7a6c-bc635d651aff">
      <Execution id="0bf1964e-cab6-408c-af42-aa8e2b3290f6" />
      <TestMethod codeBase="C:/Users/chris.mankin/Documents/Visual Studio 2010/Projects/Development/Mercury Framework v2/Src/Mercury.Messaging.Test/bin/Release/Mercury.Messaging.Test.DLL" adapterTypeName="Microsoft.VisualStudio.TestTools.TestTypes.Unit.UnitTestAdapter, Microsoft.VisualStudio.QualityTools.Tips.UnitTest.Adapter, Version=10.0.0.0, Culture=neutral, PublicKeyToken=b03f5f7f11d50a3a" className="Mercury.Messaging.Test.Routing.RoutingEngine_Specs, Mercury.Messaging.Test, Version=1.0.0.0, Culture=neutral, PublicKeyToken=b7c578f7c47ef72c" name="Implicit_get_registered_node_remote_channel" />
    </UnitTest>
  </TestDefinitions>
  <TestLists>
    <TestList name="Results Not in a List" id="8c84fa94-04c1-424b-9868-57a2d4851a1d" />
    <TestList name="All Loaded Results" id="19431567-8539-422a-85d7-44ee4e166bda" />
  </TestLists>
  <TestEntries>
    <TestEntry testId="8c920792-1168-cefd-ff3e-fa6af75217a7" executionId="7d14fb86-ab3d-4b6f-8963-f2463598765e" testListId="8c84fa94-04c1-424b-9868-57a2d4851a1d" />
    <TestEntry testId="26e53e01-20bc-7de3-aec4-525817ed286c" executionId="354d7ea3-1a2b-451c-8b10-ae557b84c42d" testListId="8c84fa94-04c1-424b-9868-57a2d4851a1d" />
    <TestEntry testId="4511653a-5877-cac3-986d-27e4088bfb8c" executionId="ec6c26b0-de8c-4dd7-b664-cbd1e897a0e5" testListId="8c84fa94-04c1-424b-9868-57a2d4851a1d" />
    <TestEntry testId="3c15e855-5975-1e7a-9dc9-5cfcdae9e933" executionId="6062e75c-c803-4b80-b351-00f0da7f6aeb" testListId="8c84fa94-04c1-424b-9868-57a2d4851a1d" />
    <TestEntry testId="a5b09d0c-1248-df41-4aa5-858a99dbe688" executionId="71ed08ff-bf10-4515-9d28-d4d0334d3c24" testListId="8c84fa94-04c1-424b-9868-57a2d4851a1d" />
    <TestEntry testId="31b4181d-ec7b-2ff6-24da-c465245fe315" executionId="5f0e92ac-dd11-448e-8c5c-964878c1ee6e" testListId="8c84fa94-04c1-424b-9868-57a2d4851a1d" />
    <TestEntry testId="7d19b0d8-26c7-e13a-0918-b79afe07f6cb" executionId="458ff735-7e7d-4a2c-9cd0-cac25978f634" testListId="8c84fa94-04c1-424b-9868-57a2d4851a1d" />
    <TestEntry testId="85920440-a20c-384e-9aff-95bf6a07bc09" executionId="39c5c662-6fb2-463d-8e88-a15b3ce275b9" testListId="8c84fa94-04c1-424b-9868-57a2d4851a1d" />
    <TestEntry testId="bd673b3c-90ca-2748-44de-c6e4c3eca644" executionId="040ee476-eb18-4e18-9f8d-61e0720ec7e2" testListId="8c84fa94-04c1-424b-9868-57a2d4851a1d" />
    <TestEntry testId="b483b428-b579-fd84-c8ac-7ed4a2b296b3" executionId="ac7300cb-ccfe-4567-967a-9bfe9d876bea" testListId="8c84fa94-04c1-424b-9868-57a2d4851a1d" />
    <TestEntry testId="266230a6-f9a8-fe8d-7a6c-bc635d651aff" executionId="0bf1964e-cab6-408c-af42-aa8e2b3290f6" testListId="8c84fa94-04c1-424b-9868-57a2d4851a1d" />
    <TestEntry testId="00bc8ce0-5bad-658a-8e6a-37d2519ca164" executionId="9cff0e96-d6db-4b3b-a53d-4753e813631a" testListId="8c84fa94-04c1-424b-9868-57a2d4851a1d" />
    <TestEntry testId="34a77162-7efa-6097-63fd-c23fe1962e36" executionId="25c21d10-b474-4e99-b589-1ce533d2ec31" testListId="8c84fa94-04c1-424b-9868-57a2d4851a1d" />
    <TestEntry testId="304e451a-ea36-277d-5e7d-fc0bff0cd3f6" executionId="71e574e3-ee56-4a9a-8217-4fb3fa2dad40" testListId="8c84fa94-04c1-424b-9868-57a2d4851a1d" />
    <TestEntry testId="347a5637-8c65-f977-2901-0dfc2014e5a8" executionId="97b4e3d0-fffc-450d-ae4b-60e0baad2fed" testListId="8c84fa94-04c1-424b-9868-57a2d4851a1d" />
    <TestEntry testId="c0255a92-5f31-fe3c-9b4d-1b6503948ef8" executionId="03bc1d00-20eb-4bc4-bcf4-74537aaf47ab" testListId="8c84fa94-04c1-424b-9868-57a2d4851a1d" />
    <TestEntry testId="26409843-b364-aa89-90ff-0161257bef80" executionId="022eae25-1d5d-44e6-9dd3-8e01317c0510" testListId="8c84fa94-04c1-424b-9868-57a2d4851a1d" />
    <TestEntry testId="d6a426cd-e03b-cb18-2c1b-241a23fec56b" executionId="095938aa-3df7-4238-97e0-fe456af353ec" testListId="8c84fa94-04c1-424b-9868-57a2d4851a1d" />
    <TestEntry testId="b79d2efb-1850-adbf-e8e5-b4aff9f2d0d8" executionId="a13bf900-50bc-4430-8ee7-0088083f9168" testListId="8c84fa94-04c1-424b-9868-57a2d4851a1d" />
    <TestEntry testId="db84d05c-ceef-752f-fc41-fcd28ba121e4" executionId="1d6b7556-83c9-4179-8766-5dfbb49592fd" testListId="8c84fa94-04c1-424b-9868-57a2d4851a1d" />
    <TestEntry testId="0852a28b-c48a-d69d-2818-eac8253f6042" executionId="30dc1db2-3b6d-4a55-82bd-a0af73e9f12e" testListId="8c84fa94-04c1-424b-9868-57a2d4851a1d" />
    <TestEntry testId="db69da61-df53-cbd5-c428-1cbe1fdb5535" executionId="e8561b19-0e6e-4b4e-bdea-a6897536748e" testListId="8c84fa94-04c1-424b-9868-57a2d4851a1d" />
    <TestEntry testId="eca5a763-4adc-0657-74e3-0cad7d863649" executionId="d87452e8-eed3-472b-90dd-2e0430a37854" testListId="8c84fa94-04c1-424b-9868-57a2d4851a1d" />
    <TestEntry testId="d405f29a-7074-8e96-2504-ce8ecaf6c9fc" executionId="f998b2b1-7969-4061-9dc3-104d79b29c1f" testListId="8c84fa94-04c1-424b-9868-57a2d4851a1d" />
    <TestEntry testId="60142f42-a44a-6dc1-83cd-62d152f78edc" executionId="ba558d68-e728-4117-8b70-ae01a75369c2" testListId="8c84fa94-04c1-424b-9868-57a2d4851a1d" />
    <TestEntry testId="9a826ded-91e6-6c88-ea16-1cdcc918f3c2" executionId="d3c32f01-aa86-46e6-bc07-0b7234a0b1d4" testListId="8c84fa94-04c1-424b-9868-57a2d4851a1d" />
    <TestEntry testId="91ace8bf-68d2-52b5-8710-87fbedc1d498" executionId="2402b54d-bc87-4f8b-a430-0b6b4cdde207" testListId="8c84fa94-04c1-424b-9868-57a2d4851a1d" />
    <TestEntry testId="6c7d3701-bd1b-f377-360d-c15edf59f69a" executionId="1cbb640b-23f0-466c-aea3-1eb929e5f6a5" testListId="8c84fa94-04c1-424b-9868-57a2d4851a1d" />
    <TestEntry testId="aadf6f3b-dfca-829f-ad7d-c8274fa9f43c" executionId="0237662d-d82f-4a11-865d-4437f20628d0" testListId="8c84fa94-04c1-424b-9868-57a2d4851a1d" />
    <TestEntry testId="5881aa4a-28d3-5310-511a-93aab3cb48b4" executionId="fc1e9aff-a25f-4cf6-888e-4bce552d61ab" testListId="8c84fa94-04c1-424b-9868-57a2d4851a1d" />
    <TestEntry testId="30611ae3-90da-5892-737e-283036df56d2" executionId="c4f03fbe-ebe0-4ffb-80e6-eee62d460acb" testListId="8c84fa94-04c1-424b-9868-57a2d4851a1d" />
    <TestEntry testId="1b20e729-e5c5-ecb0-513d-a569a255ac22" executionId="c482af89-04aa-4e61-b946-8f68ba3f1788" testListId="8c84fa94-04c1-424b-9868-57a2d4851a1d" />
    <TestEntry testId="c7697583-428e-eb99-b91b-aca547fa3134" executionId="1de18634-ced4-47ff-be21-995ca27844e8" testListId="8c84fa94-04c1-424b-9868-57a2d4851a1d" />
    <TestEntry testId="7de326f8-604a-2cdb-a0ba-49bd2a4fb803" executionId="d2bb6a1c-4ef4-4a1b-a1ab-2894df12e9f3" testListId="8c84fa94-04c1-424b-9868-57a2d4851a1d" />
    <TestEntry testId="ffb28761-b29a-8cc4-3039-e3c502756163" executionId="dc57f3f7-53fd-41a9-b305-44c2611368bd" testListId="8c84fa94-04c1-424b-9868-57a2d4851a1d" />
    <TestEntry testId="356d90d3-1349-08cc-10e5-9950436906ac" executionId="b0a13bf7-bc10-4b71-9207-84afaf43dd6d" testListId="8c84fa94-04c1-424b-9868-57a2d4851a1d" />
    <TestEntry testId="867e3c33-e403-1cd7-16a2-17336a191186" executionId="f9031011-54d9-4a09-942a-c664ffb098e4" testListId="8c84fa94-04c1-424b-9868-57a2d4851a1d" />
    <TestEntry testId="cef1a7d6-80b7-bb71-9d4e-6152d3266e0f" executionId="02aafb64-2181-4373-97c5-3eabe312a403" testListId="8c84fa94-04c1-424b-9868-57a2d4851a1d" />
    <TestEntry testId="91c062f8-343b-a991-c293-c1e685a68b9a" executionId="cfa3e9e2-9cb4-4894-9b81-c0614a2359f3" testListId="8c84fa94-04c1-424b-9868-57a2d4851a1d" />
    <TestEntry testId="fbf19baf-adef-42c8-f964-b6feea0d5ea2" executionId="47cd627e-b3c2-445f-9e91-2589e61e010c" testListId="8c84fa94-04c1-424b-9868-57a2d4851a1d" />
    <TestEntry testId="1645d958-cc20-e5c9-2b5d-2cc410c694f5" executionId="92cfbefa-f5fb-401f-830f-a51320b7dd21" testListId="8c84fa94-04c1-424b-9868-57a2d4851a1d" />
    <TestEntry testId="c9a7b42c-6ec9-069d-8c66-1db5d51e2f51" executionId="565409a5-99b9-45ac-a412-4b7213f7cda7" testListId="8c84fa94-04c1-424b-9868-57a2d4851a1d" />
    <TestEntry testId="dee139b8-437d-98e4-8e02-68ce168542d2" executionId="e1dc33a8-2bb3-46bc-9158-3fa51de2029e" testListId="8c84fa94-04c1-424b-9868-57a2d4851a1d" />
  </TestEntries>
  <Results>
    <UnitTestResult executionId="7d14fb86-ab3d-4b6f-8963-f2463598765e" testId="8c920792-1168-cefd-ff3e-fa6af75217a7" testName="Add_to_resource_pool_and_get" computerName="TLCINIR8FR0NY" duration="00:00:00.0364194" startTime="2013-07-03T14:31:36.5691348-05:00" endTime="2013-07-03T14:31:37.6143482-05:00" testType="13cdc9d9-ddb5-4fa4-a97d-d965ccfc6d4b" outcome="Passed" testListId="8c84fa94-04c1-424b-9868-57a2d4851a1d" relativeResultsDirectory="7d14fb86-ab3d-4b6f-8963-f2463598765e">
    </UnitTestResult>
    <UnitTestResult executionId="354d7ea3-1a2b-451c-8b10-ae557b84c42d" testId="26e53e01-20bc-7de3-aec4-525817ed286c" testName="Delete_from_resource_pool" computerName="TLCINIR8FR0NY" duration="00:00:00.0010145" startTime="2013-07-03T14:31:37.6299484-05:00" endTime="2013-07-03T14:31:37.6299484-05:00" testType="13cdc9d9-ddb5-4fa4-a97d-d965ccfc6d4b" outcome="Passed" testListId="8c84fa94-04c1-424b-9868-57a2d4851a1d" relativeResultsDirectory="354d7ea3-1a2b-451c-8b10-ae557b84c42d">
    </UnitTestResult>
    <UnitTestResult executionId="ec6c26b0-de8c-4dd7-b664-cbd1e897a0e5" testId="4511653a-5877-cac3-986d-27e4088bfb8c" testName="Allocate_max_resources_and_delete" computerName="TLCINIR8FR0NY" duration="00:00:05.4362201" startTime="2013-07-03T14:31:37.6455486-05:00" endTime="2013-07-03T14:31:43.0900184-05:00" testType="13cdc9d9-ddb5-4fa4-a97d-d965ccfc6d4b" outcome="Passed" testListId="8c84fa94-04c1-424b-9868-57a2d4851a1d" relativeResultsDirectory="ec6c26b0-de8c-4dd7-b664-cbd1e897a0e5">
    </UnitTestResult>
    <UnitTestResult executionId="6062e75c-c803-4b80-b351-00f0da7f6aeb" testId="3c15e855-5975-1e7a-9dc9-5cfcdae9e933" testName="Exceed_max_resource_allocation" computerName="TLCINIR8FR0NY" duration="00:00:04.5171308" startTime="2013-07-03T14:31:43.0900184-05:00" endTime="2013-07-03T14:31:47.6140764-05:00" testType="13cdc9d9-ddb5-4fa4-a97d-d965ccfc6d4b" outcome="Passed" testListId="8c84fa94-04c1-424b-9868-57a2d4851a1d" relativeResultsDirectory="6062e75c-c803-4b80-b351-00f0da7f6aeb">
    </UnitTestResult>
    <UnitTestResult executionId="71ed08ff-bf10-4515-9d28-d4d0334d3c24" testId="a5b09d0c-1248-df41-4aa5-858a99dbe688" testName="Dispose_resources" computerName="TLCINIR8FR0NY" duration="00:00:00.8045172" startTime="2013-07-03T14:31:47.6296766-05:00" endTime="2013-07-03T14:31:48.4408870-05:00" testType="13cdc9d9-ddb5-4fa4-a97d-d965ccfc6d4b" outcome="Passed" testListId="8c84fa94-04c1-424b-9868-57a2d4851a1d" relativeResultsDirectory="71ed08ff-bf10-4515-9d28-d4d0334d3c24">
    </UnitTestResult>
    <UnitTestResult executionId="5f0e92ac-dd11-448e-8c5c-964878c1ee6e" testId="31b4181d-ec7b-2ff6-24da-c465245fe315" testName="Get_untyped_agent_channel" computerName="TLCINIR8FR0NY" duration="00:00:00.1973458" startTime="2013-07-03T14:31:48.4408870-05:00" endTime="2013-07-03T14:31:48.6436896-05:00" testType="13cdc9d9-ddb5-4fa4-a97d-d965ccfc6d4b" outcome="Passed" testListId="8c84fa94-04c1-424b-9868-57a2d4851a1d" relativeResultsDirectory="5f0e92ac-dd11-448e-8c5c-964878c1ee6e">
    </UnitTestResult>
    <UnitTestResult executionId="458ff735-7e7d-4a2c-9cd0-cac25978f634" testId="7d19b0d8-26c7-e13a-0918-b79afe07f6cb" testName="Send_message" computerName="TLCINIR8FR0NY" duration="00:00:00.0077307" startTime="2013-07-03T14:31:48.6592898-05:00" endTime="2013-07-03T14:31:48.6748900-05:00" testType="13cdc9d9-ddb5-4fa4-a97d-d965ccfc6d4b" outcome="Passed" testListId="8c84fa94-04c1-424b-9868-57a2d4851a1d" relativeResultsDirectory="458ff735-7e7d-4a2c-9cd0-cac25978f634">
    </UnitTestResult>
    <UnitTestResult executionId="39c5c662-6fb2-463d-8e88-a15b3ce275b9" testId="85920440-a20c-384e-9aff-95bf6a07bc09" testName="Register_unregister_remote_node" computerName="TLCINIR8FR0NY" duration="00:00:00.0079867" startTime="2013-07-03T14:31:48.6748900-05:00" endTime="2013-07-03T14:31:48.6904902-05:00" testType="13cdc9d9-ddb5-4fa4-a97d-d965ccfc6d4b" outcome="Passed" testListId="8c84fa94-04c1-424b-9868-57a2d4851a1d" relativeResultsDirectory="39c5c662-6fb2-463d-8e88-a15b3ce275b9">
    </UnitTestResult>
    <UnitTestResult executionId="040ee476-eb18-4e18-9f8d-61e0720ec7e2" testId="bd673b3c-90ca-2748-44de-c6e4c3eca644" testName="Resolve_remote_node" computerName="TLCINIR8FR0NY" duration="00:00:00.0083693" startTime="2013-07-03T14:31:48.7060904-05:00" endTime="2013-07-03T14:31:48.7060904-05:00" testType="13cdc9d9-ddb5-4fa4-a97d-d965ccfc6d4b" outcome="Passed" testListId="8c84fa94-04c1-424b-9868-57a2d4851a1d" relativeResultsDirectory="040ee476-eb18-4e18-9f8d-61e0720ec7e2">
    </UnitTestResult>
    <UnitTestResult executionId="ac7300cb-ccfe-4567-967a-9bfe9d876bea" testId="b483b428-b579-fd84-c8ac-7ed4a2b296b3" testName="Get_remote_channel" computerName="TLCINIR8FR0NY" duration="00:00:00.0092671" startTime="2013-07-03T14:31:48.7216906-05:00" endTime="2013-07-03T14:31:48.7372908-05:00" testType="13cdc9d9-ddb5-4fa4-a97d-d965ccfc6d4b" outcome="Passed" testListId="8c84fa94-04c1-424b-9868-57a2d4851a1d" relativeResultsDirectory="ac7300cb-ccfe-4567-967a-9bfe9d876bea">
    </UnitTestResult>
    <UnitTestResult executionId="0bf1964e-cab6-408c-af42-aa8e2b3290f6" testId="266230a6-f9a8-fe8d-7a6c-bc635d651aff" testName="Implicit_get_registered_node_remote_channel" computerName="TLCINIR8FR0NY" duration="00:00:00.0077208" startTime="2013-07-03T14:31:48.7372908-05:00" endTime="2013-07-03T14:31:48.7528910-05:00" testType="13cdc9d9-ddb5-4fa4-a97d-d965ccfc6d4b" outcome="Passed" testListId="8c84fa94-04c1-424b-9868-57a2d4851a1d" relativeResultsDirectory="0bf1964e-cab6-408c-af42-aa8e2b3290f6">
    </UnitTestResult>
    <UnitTestResult executionId="9cff0e96-d6db-4b3b-a53d-4753e813631a" testId="00bc8ce0-5bad-658a-8e6a-37d2519ca164" testName="Get_agent_by_type" computerName="TLCINIR8FR0NY" duration="00:00:00.0189925" startTime="2013-07-03T14:31:48.7528910-05:00" endTime="2013-07-03T14:31:48.7840914-05:00" testType="13cdc9d9-ddb5-4fa4-a97d-d965ccfc6d4b" outcome="Passed" testListId="8c84fa94-04c1-424b-9868-57a2d4851a1d" relativeResultsDirectory="9cff0e96-d6db-4b3b-a53d-4753e813631a">
    </UnitTestResult>
    <UnitTestResult executionId="25c21d10-b474-4e99-b589-1ce533d2ec31" testId="34a77162-7efa-6097-63fd-c23fe1962e36" testName="Runtime_serializer_generic_serialize" computerName="TLCINIR8FR0NY" duration="00:00:01.2602810" startTime="2013-07-03T14:31:48.7840914-05:00" endTime="2013-07-03T14:31:50.0477076-05:00" testType="13cdc9d9-ddb5-4fa4-a97d-d965ccfc6d4b" outcome="Passed" testListId="8c84fa94-04c1-424b-9868-57a2d4851a1d" relativeResultsDirectory="25c21d10-b474-4e99-b589-1ce533d2ec31">
    </UnitTestResult>
    <UnitTestResult executionId="71e574e3-ee56-4a9a-8217-4fb3fa2dad40" testId="304e451a-ea36-277d-5e7d-fc0bff0cd3f6" testName="Serialize_deserialize_request_and_response" computerName="TLCINIR8FR0NY" duration="00:00:00.4284023" startTime="2013-07-03T14:31:50.0633078-05:00" endTime="2013-07-03T14:31:50.5001134-05:00" testType="13cdc9d9-ddb5-4fa4-a97d-d965ccfc6d4b" outcome="Passed" testListId="8c84fa94-04c1-424b-9868-57a2d4851a1d" relativeResultsDirectory="71e574e3-ee56-4a9a-8217-4fb3fa2dad40">
    </UnitTestResult>
    <UnitTestResult executionId="97b4e3d0-fffc-450d-ae4b-60e0baad2fed" testId="347a5637-8c65-f977-2901-0dfc2014e5a8" testName="Serialize_serial_message_for_packet" computerName="TLCINIR8FR0NY" duration="00:00:00.1444848" startTime="2013-07-03T14:31:50.5001134-05:00" endTime="2013-07-03T14:31:50.6561154-05:00" testType="13cdc9d9-ddb5-4fa4-a97d-d965ccfc6d4b" outcome="Passed" testListId="8c84fa94-04c1-424b-9868-57a2d4851a1d" relativeResultsDirectory="97b4e3d0-fffc-450d-ae4b-60e0baad2fed">
    </UnitTestResult>
    <UnitTestResult executionId="03bc1d00-20eb-4bc4-bcf4-74537aaf47ab" testId="c0255a92-5f31-fe3c-9b4d-1b6503948ef8" testName="Run_simple_packet_protocol" computerName="TLCINIR8FR0NY" duration="00:00:00.0010153" startTime="2013-07-03T14:31:50.6561154-05:00" endTime="2013-07-03T14:31:50.6561154-05:00" testType="13cdc9d9-ddb5-4fa4-a97d-d965ccfc6d4b" outcome="Passed" testListId="8c84fa94-04c1-424b-9868-57a2d4851a1d" relativeResultsDirectory="03bc1d00-20eb-4bc4-bcf4-74537aaf47ab">
    </UnitTestResult>
    <UnitTestResult executionId="022eae25-1d5d-44e6-9dd3-8e01317c0510" testId="26409843-b364-aa89-90ff-0161257bef80" testName="Server_hosting_startup_and_shutdown_specs" computerName="TLCINIR8FR0NY" duration="00:00:00.5393322" startTime="2013-07-03T14:31:50.6717156-05:00" endTime="2013-07-03T14:31:51.2177226-05:00" testType="13cdc9d9-ddb5-4fa4-a97d-d965ccfc6d4b" outcome="Passed" testListId="8c84fa94-04c1-424b-9868-57a2d4851a1d" relativeResultsDirectory="022eae25-1d5d-44e6-9dd3-8e01317c0510">
    </UnitTestResult>
    <UnitTestResult executionId="095938aa-3df7-4238-97e0-fe456af353ec" testId="d6a426cd-e03b-cb18-2c1b-241a23fec56b" testName="Server_restart_throws_objectdisposedexception" computerName="TLCINIR8FR0NY" duration="00:00:00.5387048" startTime="2013-07-03T14:31:51.2177226-05:00" endTime="2013-07-03T14:31:51.7637296-05:00" testType="13cdc9d9-ddb5-4fa4-a97d-d965ccfc6d4b" outcome="Passed" testListId="8c84fa94-04c1-424b-9868-57a2d4851a1d" relativeResultsDirectory="095938aa-3df7-4238-97e0-fe456af353ec">
    </UnitTestResult>
    <UnitTestResult executionId="a13bf900-50bc-4430-8ee7-0088083f9168" testId="b79d2efb-1850-adbf-e8e5-b4aff9f2d0d8" testName="Schedule_action_with_timer" computerName="TLCINIR8FR0NY" duration="00:00:02.0316440" startTime="2013-07-03T14:31:51.7793298-05:00" endTime="2013-07-03T14:31:53.8229560-05:00" testType="13cdc9d9-ddb5-4fa4-a97d-d965ccfc6d4b" outcome="Passed" testListId="8c84fa94-04c1-424b-9868-57a2d4851a1d" relativeResultsDirectory="a13bf900-50bc-4430-8ee7-0088083f9168">
    </UnitTestResult>
    <UnitTestResult executionId="1d6b7556-83c9-4179-8766-5dfbb49592fd" testId="db84d05c-ceef-752f-fc41-fcd28ba121e4" testName="Schedule_multiple_periodic_actions_with_timer" computerName="TLCINIR8FR0NY" duration="00:00:03.0377504" startTime="2013-07-03T14:31:53.8229560-05:00" endTime="2013-07-03T14:31:56.8805952-05:00" testType="13cdc9d9-ddb5-4fa4-a97d-d965ccfc6d4b" outcome="Passed" testListId="8c84fa94-04c1-424b-9868-57a2d4851a1d" relativeResultsDirectory="1d6b7556-83c9-4179-8766-5dfbb49592fd">
    </UnitTestResult>
    <UnitTestResult executionId="30dc1db2-3b6d-4a55-82bd-a0af73e9f12e" testId="0852a28b-c48a-d69d-2818-eac8253f6042" testName="Stop_and_destroy_scheduler_before_scheduled_job_runs" computerName="TLCINIR8FR0NY" duration="00:00:02.0066524" startTime="2013-07-03T14:31:56.8961954-05:00" endTime="2013-07-03T14:31:58.9086212-05:00" testType="13cdc9d9-ddb5-4fa4-a97d-d965ccfc6d4b" outcome="Passed" testListId="8c84fa94-04c1-424b-9868-57a2d4851a1d" relativeResultsDirectory="30dc1db2-3b6d-4a55-82bd-a0af73e9f12e">
    </UnitTestResult>
    <UnitTestResult executionId="e8561b19-0e6e-4b4e-bdea-a6897536748e" testId="db69da61-df53-cbd5-c428-1cbe1fdb5535" testName="Cancel_scheduled_job" computerName="TLCINIR8FR0NY" duration="00:00:02.0074028" startTime="2013-07-03T14:31:58.9086212-05:00" endTime="2013-07-03T14:32:00.9366472-05:00" testType="13cdc9d9-ddb5-4fa4-a97d-d965ccfc6d4b" outcome="Passed" testListId="8c84fa94-04c1-424b-9868-57a2d4851a1d" relativeResultsDirectory="e8561b19-0e6e-4b4e-bdea-a6897536748e">
    </UnitTestResult>
    <UnitTestResult executionId="d87452e8-eed3-472b-90dd-2e0430a37854" testId="eca5a763-4adc-0657-74e3-0cad7d863649" testName="Spawn_agent" computerName="TLCINIR8FR0NY" duration="00:00:00.0095153" startTime="2013-07-03T14:32:00.9366472-05:00" endTime="2013-07-03T14:32:00.9522474-05:00" testType="13cdc9d9-ddb5-4fa4-a97d-d965ccfc6d4b" outcome="Passed" testListId="8c84fa94-04c1-424b-9868-57a2d4851a1d" relativeResultsDirectory="d87452e8-eed3-472b-90dd-2e0430a37854">
    </UnitTestResult>
    <UnitTestResult executionId="f998b2b1-7969-4061-9dc3-104d79b29c1f" testId="d405f29a-7074-8e96-2504-ce8ecaf6c9fc" testName="Kill_agent" computerName="TLCINIR8FR0NY" duration="00:00:00.0095803" startTime="2013-07-03T14:32:00.9678476-05:00" endTime="2013-07-03T14:32:00.9834478-05:00" testType="13cdc9d9-ddb5-4fa4-a97d-d965ccfc6d4b" outcome="Passed" testListId="8c84fa94-04c1-424b-9868-57a2d4851a1d" relativeResultsDirectory="f998b2b1-7969-4061-9dc3-104d79b29c1f">
    </UnitTestResult>
    <UnitTestResult executionId="ba558d68-e728-4117-8b70-ae01a75369c2" testId="60142f42-a44a-6dc1-83cd-62d152f78edc" testName="Create_generic_server_and_ping" computerName="TLCINIR8FR0NY" duration="00:00:00.1604871" startTime="2013-07-03T14:32:00.9990480-05:00" endTime="2013-07-03T14:32:01.1550500-05:00" testType="13cdc9d9-ddb5-4fa4-a97d-d965ccfc6d4b" outcome="Failed" testListId="8c84fa94-04c1-424b-9868-57a2d4851a1d" relativeResultsDirectory="ba558d68-e728-4117-8b70-ae01a75369c2">
      <Output>
        <ErrorInfo>
          <Message>Test method Mercury.Messaging.Test.Behaviors.IPC2_Behaviors_specs.Create_generic_server_and_ping threw exception: 
System.InvalidOperationException: Unable to generate a temporary class (result=1).
error CS0122: 'Mercury.Messaging.Test.Behaviors.Mock.ServerPing' is inaccessible due to its protection level
error CS0122: 'Mercury.Messaging.Test.Behaviors.Mock.ServerPing' is inaccessible due to its protection level
error CS0122: 'Mercury.Messaging.Test.Behaviors.Mock.ServerPing' is inaccessible due to its protection level
error CS0122: 'Mercury.Messaging.Messages.RequestBase&lt;Mercury.Messaging.Test.Behaviors.Mock.ServerPing&gt;.RequestBase()' is inaccessible due to its protection level
</Message>
          <StackTrace>    at System.Xml.Serialization.Compiler.Compile(Assembly parent, String ns, XmlSerializerCompilerParameters xmlParameters, Evidence evidence)
   at System.Xml.Serialization.TempAssembly.GenerateAssembly(XmlMapping[] xmlMappings, Type[] types, String defaultNamespace, Evidence evidence, XmlSerializerCompilerParameters parameters, Assembly assembly, Hashtable assemblies)
   at System.Xml.Serialization.XmlSerializer.GenerateTempAssembly(XmlMapping xmlMapping, Type type, String defaultNamespace)
   at System.Xml.Serialization.XmlSerializer..ctor(Type type, String defaultNamespace)
   at System.Xml.Serialization.XmlSerializer..ctor(Type type)
   at Mercury.Messaging.Serialization.RuntimeSerializer.Serialize(Object data, Encoding encoding) in C:\Users\chris.mankin\Documents\Visual Studio 2010\Projects\Development\Mercury Framework v2\Src\Mercury.Messaging.Core\Serialization\RuntimeSerializer.cs:line 81
   at Mercury.Messaging.Serialization.RuntimeSerializer.Serialize(Object data) in C:\Users\chris.mankin\Documents\Visual Studio 2010\Projects\Development\Mercury Framework v2\Src\Mercury.Messaging.Core\Serialization\RuntimeSerializer.cs:line 63
   at Mercury.Messaging.Instrumentation.ContextInfo.NewInfo(IRoutingContext context, IResource resource, RuntimeEnvironment environment, Boolean captureAllResources, MethodBase methodContext, String message) in C:\Users\chris.mankin\Documents\Visual Studio 2010\Projects\Development\Mercury Framework v2\Src\Mercury.Messaging.Core\Instrumentation\ContextInfo.cs:line 153
   at Mercury.Messaging.Channels.ChannelBase.TraceContext(MethodBase methodContext, IRoutingContext routeContext, IResource resource, RuntimeEnvironment environment, IPEndPoint receiverEP, String receiverId, String message) in C:\Users\chris.mankin\Documents\Visual Studio 2010\Projects\Development\Mercury Framework v2\Src\Mercury.Messaging.Core\Channels\ChannelBase.cs:line 89
   at Mercury.Messaging.Channels.FutureChannel`1.Send[T](T message) in C:\Users\chris.mankin\Documents\Visual Studio 2010\Projects\Development\Mercury Framework v2\Src\Mercury.Messaging.Core\Channels\FutureChannel.cs:line 99
   at Mercury.Messaging.Core.FutureExtensions.SendFuture[TResult,TMessage](LocalRefChannel reference, TMessage message) in C:\Users\chris.mankin\Documents\Visual Studio 2010\Projects\Development\Mercury Framework v2\Src\Mercury.Messaging.Core\Core\FutureExtensions.cs:line 28
   at Mercury.Messaging.Core.FutureExtensions.SendFuture[TResult,TMessage](LocalRef reference, TMessage message) in C:\Users\chris.mankin\Documents\Visual Studio 2010\Projects\Development\Mercury Framework v2\Src\Mercury.Messaging.Core\Core\FutureExtensions.cs:line 56
   at Mercury.Messaging.Test.Behaviors.IPC2_Behaviors_specs.Create_generic_server_and_ping() in C:\Users\chris.mankin\Documents\Visual Studio 2010\Projects\Development\Mercury Framework v2\Src\Mercury.Messaging.Test\Behaviors\IPC2_Behaviors_specs.cs:line 78
</StackTrace>
        </ErrorInfo>
      </Output>
    </UnitTestResult>
    <UnitTestResult executionId="d3c32f01-aa86-46e6-bc07-0b7234a0b1d4" testId="9a826ded-91e6-6c88-ea16-1cdcc918f3c2" testName="Create_supervisor_with_static_children" computerName="TLCINIR8FR0NY" duration="00:00:00.0181304" startTime="2013-07-03T14:32:01.1706502-05:00" endTime="2013-07-03T14:32:01.2018506-05:00" testType="13cdc9d9-ddb5-4fa4-a97d-d965ccfc6d4b" outcome="Passed" testListId="8c84fa94-04c1-424b-9868-57a2d4851a1d" relativeResultsDirectory="d3c32f01-aa86-46e6-bc07-0b7234a0b1d4">
    </UnitTestResult>
    <UnitTestResult executionId="2402b54d-bc87-4f8b-a430-0b6b4cdde207" testId="91ace8bf-68d2-52b5-8710-87fbedc1d498" testName="Create_supervisor_with_static_and_dynamic_children" computerName="TLCINIR8FR0NY" duration="00:00:00.0184706" startTime="2013-07-03T14:32:01.2018506-05:00" endTime="2013-07-03T14:32:01.2330510-05:00" testType="13cdc9d9-ddb5-4fa4-a97d-d965ccfc6d4b" outcome="Passed" testListId="8c84fa94-04c1-424b-9868-57a2d4851a1d" relativeResultsDirectory="2402b54d-bc87-4f8b-a430-0b6b4cdde207">
    </UnitTestResult>
    <UnitTestResult executionId="1cbb640b-23f0-466c-aea3-1eb929e5f6a5" testId="6c7d3701-bd1b-f377-360d-c15edf59f69a" testName="Worker_restart_strategy_specs" computerName="TLCINIR8FR0NY" duration="00:00:10.5234631" startTime="2013-07-03T14:32:01.2486512-05:00" endTime="2013-07-03T14:32:11.7787862-05:00" testType="13cdc9d9-ddb5-4fa4-a97d-d965ccfc6d4b" outcome="Passed" testListId="8c84fa94-04c1-424b-9868-57a2d4851a1d" relativeResultsDirectory="1cbb640b-23f0-466c-aea3-1eb929e5f6a5">
    </UnitTestResult>
    <UnitTestResult executionId="0237662d-d82f-4a11-865d-4437f20628d0" testId="aadf6f3b-dfca-829f-ad7d-c8274fa9f43c" testName="Dynamic_add_child_to_supervisor" computerName="TLCINIR8FR0NY" duration="00:00:00.0127879" startTime="2013-07-03T14:32:11.7943864-05:00" endTime="2013-07-03T14:32:11.8099866-05:00" testType="13cdc9d9-ddb5-4fa4-a97d-d965ccfc6d4b" outcome="Passed" testListId="8c84fa94-04c1-424b-9868-57a2d4851a1d" relativeResultsDirectory="0237662d-d82f-4a11-865d-4437f20628d0">
    </UnitTestResult>
    <UnitTestResult executionId="fc1e9aff-a25f-4cf6-888e-4bce552d61ab" testId="5881aa4a-28d3-5310-511a-93aab3cb48b4" testName="Delete_child_on_supervisor" computerName="TLCINIR8FR0NY" duration="00:00:00.0152970" startTime="2013-07-03T14:32:11.8255868-05:00" endTime="2013-07-03T14:32:11.8411870-05:00" testType="13cdc9d9-ddb5-4fa4-a97d-d965ccfc6d4b" outcome="Passed" testListId="8c84fa94-04c1-424b-9868-57a2d4851a1d" relativeResultsDirectory="fc1e9aff-a25f-4cf6-888e-4bce552d61ab">
    </UnitTestResult>
    <UnitTestResult executionId="c4f03fbe-ebe0-4ffb-80e6-eee62d460acb" testId="30611ae3-90da-5892-737e-283036df56d2" testName="Stop_and_restart_child_on_supervisor" computerName="TLCINIR8FR0NY" duration="00:00:00.0144394" startTime="2013-07-03T14:32:11.8567872-05:00" endTime="2013-07-03T14:32:11.8723874-05:00" testType="13cdc9d9-ddb5-4fa4-a97d-d965ccfc6d4b" outcome="Passed" testListId="8c84fa94-04c1-424b-9868-57a2d4851a1d" relativeResultsDirectory="c4f03fbe-ebe0-4ffb-80e6-eee62d460acb">
    </UnitTestResult>
    <UnitTestResult executionId="c482af89-04aa-4e61-b946-8f68ba3f1788" testId="1b20e729-e5c5-ecb0-513d-a569a255ac22" testName="Get_all_children_on_supervisor" computerName="TLCINIR8FR0NY" duration="00:00:00.3090553" startTime="2013-07-03T14:32:11.8879876-05:00" endTime="2013-07-03T14:32:12.1999916-05:00" testType="13cdc9d9-ddb5-4fa4-a97d-d965ccfc6d4b" outcome="Passed" testListId="8c84fa94-04c1-424b-9868-57a2d4851a1d" relativeResultsDirectory="c482af89-04aa-4e61-b946-8f68ba3f1788">
    </UnitTestResult>
    <UnitTestResult executionId="1de18634-ced4-47ff-be21-995ca27844e8" testId="c7697583-428e-eb99-b91b-aca547fa3134" testName="Startup_a_single_agent" computerName="TLCINIR8FR0NY" duration="00:00:05.0124810" startTime="2013-07-03T14:32:12.2155918-05:00" endTime="2013-07-03T14:32:17.2388562-05:00" testType="13cdc9d9-ddb5-4fa4-a97d-d965ccfc6d4b" outcome="Passed" testListId="8c84fa94-04c1-424b-9868-57a2d4851a1d" relativeResultsDirectory="1de18634-ced4-47ff-be21-995ca27844e8">
    </UnitTestResult>
    <UnitTestResult executionId="d2bb6a1c-4ef4-4a1b-a1ab-2894df12e9f3" testId="7de326f8-604a-2cdb-a0ba-49bd2a4fb803" testName="Agent_ordered_message_processing" computerName="TLCINIR8FR0NY" duration="00:00:02.0211934" startTime="2013-07-03T14:32:17.2388562-05:00" endTime="2013-07-03T14:32:19.2824824-05:00" testType="13cdc9d9-ddb5-4fa4-a97d-d965ccfc6d4b" outcome="Passed" testListId="8c84fa94-04c1-424b-9868-57a2d4851a1d" relativeResultsDirectory="d2bb6a1c-4ef4-4a1b-a1ab-2894df12e9f3">
    </UnitTestResult>
    <UnitTestResult executionId="dc57f3f7-53fd-41a9-b305-44c2611368bd" testId="ffb28761-b29a-8cc4-3039-e3c502756163" testName="Agent_request_response" computerName="TLCINIR8FR0NY" duration="00:00:00.2967859" startTime="2013-07-03T14:32:19.2980826-05:00" endTime="2013-07-03T14:32:19.6100866-05:00" testType="13cdc9d9-ddb5-4fa4-a97d-d965ccfc6d4b" outcome="Failed" testListId="8c84fa94-04c1-424b-9868-57a2d4851a1d" relativeResultsDirectory="dc57f3f7-53fd-41a9-b305-44c2611368bd">
      <Output>
        <ErrorInfo>
          <Message>Test method Mercury.Messaging.Test.Agent_specs.Agent_request_response threw exception: 
System.InvalidOperationException: There was an error generating the XML document. ---&gt; System.InvalidOperationException: Mercury.Messaging.Test.Agents.Mock.AddMessage cannot be serialized because it does not have a parameterless constructor.</Message>
          <StackTrace>    at System.Xml.Serialization.TypeDesc.CheckSupported()
   at System.Xml.Serialization.TypeScope.GetTypeDesc(Type type, MemberInfo source, Boolean directReference, Boolean throwOnError)
   at System.Xml.Serialization.ModelScope.GetTypeModel(Type type, Boolean directReference)
   at System.Xml.Serialization.XmlReflectionImporter.ImportTypeMapping(Type type, XmlRootAttribute root, String defaultNamespace)
   at System.Xml.Serialization.XmlSerializer..ctor(Type type, String defaultNamespace)
   at System.Xml.Serialization.XmlSerializer..ctor(Type type)
   at Mercury.Messaging.Serialization.RuntimeSerializer.Serialize(Object data, XmlWriter writer) in C:\Users\chris.mankin\Documents\Visual Studio 2010\Projects\Development\Mercury Framework v2\Src\Mercury.Messaging.Core\Serialization\RuntimeSerializer.cs:line 98
   at Mercury.Messaging.Messages.MessageBase`1.WriteXml(XmlWriter writer) in C:\Users\chris.mankin\Documents\Visual Studio 2010\Projects\Development\Mercury Framework v2\Src\Mercury.Messaging.Core\Messages\MessageBase.cs:line 190
   at Mercury.Messaging.Messages.RequestBase`1.WriteXml(XmlWriter writer) in C:\Users\chris.mankin\Documents\Visual Studio 2010\Projects\Development\Mercury Framework v2\Src\Mercury.Messaging.Core\Messages\Stereotypes\RequestBase.cs:line 201
   at System.Xml.Serialization.XmlSerializationWriter.WriteSerializable(IXmlSerializable serializable, String name, String ns, Boolean isNullable, Boolean wrapped)
   at Microsoft.Xml.Serialization.GeneratedAssembly.XmlSerializationWriterRequestBase1.Write1_RequestBaseOfAddMessage(Object o)
 --- End of inner exception stack trace ---
    at System.Xml.Serialization.XmlSerializer.Serialize(XmlWriter xmlWriter, Object o, XmlSerializerNamespaces namespaces, String encodingStyle, String id)
   at System.Xml.Serialization.XmlSerializer.Serialize(TextWriter textWriter, Object o, XmlSerializerNamespaces namespaces)
   at System.Xml.Serialization.XmlSerializer.Serialize(TextWriter textWriter, Object o)
   at Mercury.Messaging.Serialization.RuntimeSerializer.Serialize(Object data, Encoding encoding) in C:\Users\chris.mankin\Documents\Visual Studio 2010\Projects\Development\Mercury Framework v2\Src\Mercury.Messaging.Core\Serialization\RuntimeSerializer.cs:line 84
   at Mercury.Messaging.Serialization.RuntimeSerializer.Serialize(Object data) in C:\Users\chris.mankin\Documents\Visual Studio 2010\Projects\Development\Mercury Framework v2\Src\Mercury.Messaging.Core\Serialization\RuntimeSerializer.cs:line 63
   at Mercury.Messaging.Instrumentation.ContextInfo.NewInfo(IRoutingContext context, IResource resource, RuntimeEnvironment environment, Boolean captureAllResources, MethodBase methodContext, String message) in C:\Users\chris.mankin\Documents\Visual Studio 2010\Projects\Development\Mercury Framework v2\Src\Mercury.Messaging.Core\Instrumentation\ContextInfo.cs:line 153
   at Mercury.Messaging.Channels.ChannelBase.TraceContext(MethodBase methodContext, IRoutingContext routeContext, IResource resource, RuntimeEnvironment environment, IPEndPoint receiverEP, String receiverId, String message) in C:\Users\chris.mankin\Documents\Visual Studio 2010\Projects\Development\Mercury Framework v2\Src\Mercury.Messaging.Core\Channels\ChannelBase.cs:line 89
   at Mercury.Messaging.Channels.ChannelBase.Send[T](T message) in C:\Users\chris.mankin\Documents\Visual Studio 2010\Projects\Development\Mercury Framework v2\Src\Mercury.Messaging.Core\Channels\ChannelBase.cs:line 44
   at Mercury.Messaging.Messages.RequestExtensions.Request[TRequest](IUntypedChannel channel, TRequest req, IUntypedChannel responseChannel) in C:\Users\chris.mankin\Documents\Visual Studio 2010\Projects\Development\Mercury Framework v2\Src\Mercury.Messaging.Core\Messages\Stereotypes\RequestExtensions.cs:line 27
   at Mercury.Messaging.Test.Agent_specs.Agent_request_response() in C:\Users\chris.mankin\Documents\Visual Studio 2010\Projects\Development\Mercury Framework v2\Src\Mercury.Messaging.Test\Agents\Agent_specs.cs:line 167
</StackTrace>
        </ErrorInfo>
      </Output>
    </UnitTestResult>
    <UnitTestResult executionId="b0a13bf7-bc10-4b71-9207-84afaf43dd6d" testId="356d90d3-1349-08cc-10e5-9950436906ac" testName="Agent_ping_pong" computerName="TLCINIR8FR0NY" duration="00:00:05.0203153" startTime="2013-07-03T14:32:19.6100866-05:00" endTime="2013-07-03T14:32:24.6489512-05:00" testType="13cdc9d9-ddb5-4fa4-a97d-d965ccfc6d4b" outcome="Passed" testListId="8c84fa94-04c1-424b-9868-57a2d4851a1d" relativeResultsDirectory="b0a13bf7-bc10-4b71-9207-84afaf43dd6d">
    </UnitTestResult>
    <UnitTestResult executionId="f9031011-54d9-4a09-942a-c664ffb098e4" testId="867e3c33-e403-1cd7-16a2-17336a191186" testName="Agent_futures" computerName="TLCINIR8FR0NY" duration="00:00:00.3169738" startTime="2013-07-03T14:32:24.6645514-05:00" endTime="2013-07-03T14:32:24.9765554-05:00" testType="13cdc9d9-ddb5-4fa4-a97d-d965ccfc6d4b" outcome="Failed" testListId="8c84fa94-04c1-424b-9868-57a2d4851a1d" relativeResultsDirectory="f9031011-54d9-4a09-942a-c664ffb098e4">
      <Output>
        <ErrorInfo>
          <Message>Test method Mercury.Messaging.Test.Agent_specs.Agent_futures threw exception: 
System.InvalidOperationException: There was an error generating the XML document. ---&gt; System.InvalidOperationException: Unable to generate a temporary class (result=1).
error CS0272: The property or indexer 'Mercury.Messaging.Test.Agents.Mock.GetValueMessage.Wait' cannot be used in this context because the set accessor is inaccessible
</Message>
          <StackTrace>    at System.Xml.Serialization.Compiler.Compile(Assembly parent, String ns, XmlSerializerCompilerParameters xmlParameters, Evidence evidence)
   at System.Xml.Serialization.TempAssembly.GenerateAssembly(XmlMapping[] xmlMappings, Type[] types, String defaultNamespace, Evidence evidence, XmlSerializerCompilerParameters parameters, Assembly assembly, Hashtable assemblies)
   at System.Xml.Serialization.XmlSerializer.GenerateTempAssembly(XmlMapping xmlMapping, Type type, String defaultNamespace)
   at System.Xml.Serialization.XmlSerializer..ctor(Type type, String defaultNamespace)
   at System.Xml.Serialization.XmlSerializer..ctor(Type type)
   at Mercury.Messaging.Serialization.RuntimeSerializer.Serialize(Object data, XmlWriter writer) in C:\Users\chris.mankin\Documents\Visual Studio 2010\Projects\Development\Mercury Framework v2\Src\Mercury.Messaging.Core\Serialization\RuntimeSerializer.cs:line 98
   at Mercury.Messaging.Messages.MessageBase`1.WriteXml(XmlWriter writer) in C:\Users\chris.mankin\Documents\Visual Studio 2010\Projects\Development\Mercury Framework v2\Src\Mercury.Messaging.Core\Messages\MessageBase.cs:line 190
   at Mercury.Messaging.Messages.RequestBase`1.WriteXml(XmlWriter writer) in C:\Users\chris.mankin\Documents\Visual Studio 2010\Projects\Development\Mercury Framework v2\Src\Mercury.Messaging.Core\Messages\Stereotypes\RequestBase.cs:line 201
   at System.Xml.Serialization.XmlSerializationWriter.WriteSerializable(IXmlSerializable serializable, String name, String ns, Boolean isNullable, Boolean wrapped)
   at Microsoft.Xml.Serialization.GeneratedAssembly.XmlSerializationWriterRequestBase1.Write1_RequestBaseOfGetValueMessage(Object o)
 --- End of inner exception stack trace ---
    at System.Xml.Serialization.XmlSerializer.Serialize(XmlWriter xmlWriter, Object o, XmlSerializerNamespaces namespaces, String encodingStyle, String id)
   at System.Xml.Serialization.XmlSerializer.Serialize(TextWriter textWriter, Object o, XmlSerializerNamespaces namespaces)
   at System.Xml.Serialization.XmlSerializer.Serialize(TextWriter textWriter, Object o)
   at Mercury.Messaging.Serialization.RuntimeSerializer.Serialize(Object data, Encoding encoding) in C:\Users\chris.mankin\Documents\Visual Studio 2010\Projects\Development\Mercury Framework v2\Src\Mercury.Messaging.Core\Serialization\RuntimeSerializer.cs:line 84
   at Mercury.Messaging.Serialization.RuntimeSerializer.Serialize(Object data) in C:\Users\chris.mankin\Documents\Visual Studio 2010\Projects\Development\Mercury Framework v2\Src\Mercury.Messaging.Core\Serialization\RuntimeSerializer.cs:line 63
   at Mercury.Messaging.Instrumentation.ContextInfo.NewInfo(IRoutingContext context, IResource resource, RuntimeEnvironment environment, Boolean captureAllResources, MethodBase methodContext, String message) in C:\Users\chris.mankin\Documents\Visual Studio 2010\Projects\Development\Mercury Framework v2\Src\Mercury.Messaging.Core\Instrumentation\ContextInfo.cs:line 153
   at Mercury.Messaging.Channels.ChannelBase.TraceContext(MethodBase methodContext, IRoutingContext routeContext, IResource resource, RuntimeEnvironment environment, IPEndPoint receiverEP, String receiverId, String message) in C:\Users\chris.mankin\Documents\Visual Studio 2010\Projects\Development\Mercury Framework v2\Src\Mercury.Messaging.Core\Channels\ChannelBase.cs:line 89
[...]
   at Mercury.Messaging.Messages.RequestBase`1.WriteXml(XmlWriter writer) in C:\Users\chris.mankin\Documents\Visual Studio 2010\Projects\Development\Mercury Framework v2\Src\Mercury.Messaging.Core\Messages\Stereotypes\RequestBase.cs:line 201
   at System.Xml.Serialization.XmlSerializationWriter.WriteSerializable(IXmlSerializable serializable, String name, String ns, Boolean isNullable, Boolean wrapped)
   at Microsoft.Xml.Serialization.GeneratedAssembly.XmlSerializationWriterRequestBase1.Write1_RequestBaseOfGetValueMessage(Object o)
 --- End of inner exception stack trace ---
    at System.Xml.Serialization.XmlSerializer.Serialize(XmlWriter xmlWriter, Object o, XmlSerializerNamespaces namespaces, String encodingStyle, String id)
   at System.Xml.Serialization.XmlSerializer.Serialize(TextWriter textWriter, Object o, XmlSerializerNamespaces namespaces)
   at System.Xml.Serialization.XmlSerializer.Serialize(TextWriter textWriter, Object o)
   at Mercury.Messaging.Serialization.RuntimeSerializer.Serialize(Object data, Encoding encoding) in C:\Users\chris.mankin\Documents\Visual Studio 2010\Projects\Development\Mercury Framework v2\Src\Mercury.Messaging.Core\Serialization\RuntimeSerializer.cs:line 84
   at Mercury.Messaging.Serialization.RuntimeSerializer.Serialize(Object data) in C:\Users\chris.mankin\Documents\Visual Studio 2010\Projects\Development\Mercury Framework v2\Src\Mercury.Messaging.Core\Serialization\RuntimeSerializer.cs:line 63
   at Mercury.Messaging.Instrumentation.ContextInfo.NewInfo(IRoutingContext context, IResource resource, RuntimeEnvironment environment, Boolean captureAllResources, MethodBase methodContext, String message) in C:\Users\chris.mankin\Documents\Visual Studio 2010\Projects\Development\Mercury Framework v2\Src\Mercury.Messaging.Core\Instrumentation\ContextInfo.cs:line 153
   at Mercury.Messaging.Channels.ChannelBase.TraceContext(MethodBase methodContext, IRoutingContext routeContext, IResource resource, RuntimeEnvironment environment, IPEndPoint receiverEP, String receiverId, String message) in C:\Users\chris.mankin\Documents\Visual Studio 2010\Projects\Development\Mercury Framework v2\Src\Mercury.Messaging.Core\Channels\ChannelBase.cs:line 89
   at Mercury.Messaging.Channels.FutureChannel`1.Send[T](T message) in C:\Users\chris.mankin\Documents\Visual Studio 2010\Projects\Development\Mercury Framework v2\Src\Mercury.Messaging.Core\Channels\FutureChannel.cs:line 99
   at Mercury.Messaging.Core.FutureExtensions.SendFuture[TResult,TMessage](LocalRefChannel reference, TMessage message) in C:\Users\chris.mankin\Documents\Visual Studio 2010\Projects\Development\Mercury Framework v2\Src\Mercury.Messaging.Core\Core\FutureExtensions.cs:line 28
   at Mercury.Messaging.Core.FutureExtensions.SendFuture[TResult,TMessage](LocalRef reference, TMessage message) in C:\Users\chris.mankin\Documents\Visual Studio 2010\Projects\Development\Mercury Framework v2\Src\Mercury.Messaging.Core\Core\FutureExtensions.cs:line 56
   at Mercury.Messaging.Test.Agent_specs.Synchronous_message_blocks_until_complete() in C:\Users\chris.mankin\Documents\Visual Studio 2010\Projects\Development\Mercury Framework v2\Src\Mercury.Messaging.Test\Agents\Agent_specs.cs:line 329
</StackTrace>
        </ErrorInfo>
      </Output>
    </UnitTestResult>
    <UnitTestResult executionId="92cfbefa-f5fb-401f-830f-a51320b7dd21" testId="1645d958-cc20-e5c9-2b5d-2cc410c694f5" testName="Interrupt_message_interleaves_current_messages" computerName="TLCINIR8FR0NY" duration="00:00:02.4119205" startTime="2013-07-03T14:32:31.5754400-05:00" endTime="2013-07-03T14:32:33.9934710-05:00" testType="13cdc9d9-ddb5-4fa4-a97d-d965ccfc6d4b" outcome="Failed" testListId="8c84fa94-04c1-424b-9868-57a2d4851a1d" relativeResultsDirectory="92cfbefa-f5fb-401f-830f-a51320b7dd21">
      <Output>
        <ErrorInfo>
          <Message>Test method Mercury.Messaging.Test.Agent_specs.Interrupt_message_interleaves_current_messages threw exception: 
System.InvalidOperationException: There was an error generating the XML document. ---&gt; System.InvalidOperationException: Unable to generate a temporary class (result=1).
error CS0272: The property or indexer 'Mercury.Messaging.Test.Agents.Mock.GetValueMessage.Wait' cannot be used in this context because the set accessor is inaccessible
</Message>
          <StackTrace>    at System.Xml.Serialization.Compiler.Compile(Assembly parent, String ns, XmlSerializerCompilerParameters xmlParameters, Evidence evidence)
   at System.Xml.Serialization.TempAssembly.GenerateAssembly(XmlMapping[] xmlMappings, Type[] types, String defaultNamespace, Evidence evidence, XmlSerializerCompilerParameters parameters, Assembly assembly, Hashtable assemblies)
   at System.Xml.Serialization.XmlSerializer.GenerateTempAssembly(XmlMapping xmlMapping, Type type, String defaultNamespace)
   at System.Xml.Serialization.XmlSerializer..ctor(Type type, String defaultNamespace)
   at System.Xml.Serialization.XmlSerializer..ctor(Type type)
   at Mercury.Messaging.Serialization.RuntimeSerializer.Serialize(Object data, XmlWriter writer) in C:\Users\chris.mankin\Documents\Visual Studio 2010\Projects\Development\Mercury Framework v2\Src\Mercury.Messaging.Core\Serialization\RuntimeSerializer.cs:line 98
   at Mercury.Messaging.Messages.MessageBase`1.WriteXml(XmlWriter writer) in C:\Users\chris.mankin\Documents\Visual Studio 2010\Projects\Development\Mercury Framework v2\Src\Mercury.Messaging.Core\Messages\MessageBase.cs:line 190
   at Mercury.Messaging.Messages.RequestBase`1.WriteXml(XmlWriter writer) in C:\Users\chris.mankin\Documents\Visual Studio 2010\Projects\Development\Mercury Framework v2\Src\Mercury.Messaging.Core\Messages\Stereotypes\RequestBase.cs:line 201
   at System.Xml.Serialization.XmlSerializationWriter.WriteSerializable(IXmlSerializable serializable, String name, String ns, Boolean isNullable, Boolean wrapped)
   at Microsoft.Xml.Serialization.GeneratedAssembly.XmlSerializationWriterRequestBase1.Write1_RequestBaseOfGetValueMessage(Object o)
 --- End of inner exception stack trace ---
    at System.Xml.Serialization.XmlSerializer.Serialize(XmlWriter xmlWriter, Object o, XmlSerializerNamespaces namespaces, String encodingStyle, String id)
   at System.Xml.Serialization.XmlSerializer.Serialize(TextWriter textWriter, Object o, XmlSerializerNamespaces namespaces)
   at System.Xml.Serialization.XmlSerializer.Serialize(TextWriter textWriter, Object o)
   at Mercury.Messaging.Serialization.RuntimeSerializer.Serialize(Object data, Encoding encoding) in C:\Users\chris.mankin\Documents\Visual Studio 2010\Projects\Development\Mercury Framework v2\Src\Mercury.Messaging.Core\Serialization\RuntimeSerializer.cs:line 84
   at Mercury.Messaging.Serialization.RuntimeSerializer.Serialize(Object data) in C:\Users\chris.mankin\Documents\Visual Studio 2010\Projects\Development\Mercury Framework v2\Src\Mercury.Messaging.Core\Serialization\RuntimeSerializer.cs:line 63
   at Mercury.Messaging.Instrumentation.ContextInfo.NewInfo(IRoutingContext context, IResource resource, RuntimeEnvironment environment, Boolean captureAllResources, MethodBase methodContext, String message) in C:\Users\chris.mankin\Documents\Visual Studio 2010\Projects\Development\Mercury Framework v2\Src\Mercury.Messaging.Core\Instrumentation\ContextInfo.cs:line 153
   at Mercury.Messaging.Channels.ChannelBase.TraceContext(MethodBase methodContext, IRoutingContext routeContext, IResource resource, RuntimeEnvironment environment, IPEndPoint receiverEP, String receiverId, String message) in C:\Users\chris.mankin\Documents\Visual Studio 2010\Projects\Development\Mercury Framework v2\Src\Mercury.Messaging.Core\Channels\ChannelBase.cs:line 89
   at Mercury.Messaging.Channels.FutureChannel`1.Send[T](T message) in C:\Users\chris.mankin\Documents\Visual Studio 2010\Projects\Development\Mercury Framework v2\Src\Mercury.Messaging.Core\Channels\FutureChannel.cs:line 99
   at Mercury.Messaging.Core.FutureExtensions.SendFuture[TResult,TMessage](LocalRefChannel reference, TMessage message) in C:\Users\chris.mankin\Documents\Visual Studio 2010\Projects\Development\Mercury Framework v2\Src\Mercury.Messaging.Core\Core\FutureExtensions.cs:line 28
   at Mercury.Messaging.Core.FutureExtensions.SendFuture[TResult,TMessage](LocalRef reference, TMessage message) in C:\Users\chris.mankin\Documents\Visual Studio 2010\Projects\Development\Mercury Framework v2\Src\Mercury.Messaging.Core\Core\FutureExtensions.cs:line 56
   at Mercury.Messaging.Test.Agent_specs.Interrupt_message_interleaves_current_messages() in C:\Users\chris.mankin\Documents\Visual Studio 2010\Projects\Development\Mercury Framework v2\Src\Mercury.Messaging.Test\Agents\Agent_specs.cs:line 350
</StackTrace>
        </ErrorInfo>
      </Output>
    </UnitTestResult>
    <UnitTestResult executionId="565409a5-99b9-45ac-a412-4b7213f7cda7" testId="c9a7b42c-6ec9-069d-8c66-1db5d51e2f51" testName="Future_can_be_called_twice_without_consequences" computerName="TLCINIR8FR0NY" duration="00:00:00.4197983" startTime="2013-07-03T14:32:34.0090712-05:00" endTime="2013-07-03T14:32:34.4302766-05:00" testType="13cdc9d9-ddb5-4fa4-a97d-d965ccfc6d4b" outcome="Failed" testListId="8c84fa94-04c1-424b-9868-57a2d4851a1d" relativeResultsDirectory="565409a5-99b9-45ac-a412-4b7213f7cda7">
      <Output>
        <ErrorInfo>
          <Message>Test method Mercury.Messaging.Test.Agent_specs.Future_can_be_called_twice_without_consequences threw exception: 
System.InvalidOperationException: There was an error generating the XML document. ---&gt; System.InvalidOperationException: Unable to generate a temporary class (result=1).
error CS0272: The property or indexer 'Mercury.Messaging.Test.Agents.Mock.GetValueMessage.Wait' cannot be used in this context because the set accessor is inaccessible
</Message>
          <StackTrace>    at System.Xml.Serialization.Compiler.Compile(Assembly parent, String ns, XmlSerializerCompilerParameters xmlParameters, Evidence evidence)
   at System.Xml.Serialization.TempAssembly.GenerateAssembly(XmlMapping[] xmlMappings, Type[] types, String defaultNamespace, Evidence evidence, XmlSerializerCompilerParameters parameters, Assembly assembly, Hashtable assemblies)
   at System.Xml.Serialization.XmlSerializer.GenerateTempAssembly(XmlMapping xmlMapping, Type type, String defaultNamespace)
   at System.Xml.Serialization.XmlSerializer..ctor(Type type, String defaultNamespace)
   at System.Xml.Serialization.XmlSerializer..ctor(Type type)
   at Mercury.Messaging.Serialization.RuntimeSerializer.Serialize(Object data, XmlWriter writer) in C:\Users\chris.mankin\Documents\Visual Studio 2010\Projects\Development\Mercury Framework v2\Src\Mercury.Messaging.Core\Serialization\RuntimeSerializer.cs:line 98
   at Mercury.Messaging.Messages.MessageBase`1.WriteXml(XmlWriter writer) in C:\Users\chris.mankin\Documents\Visual Studio 2010\Projects\Development\Mercury Framework v2\Src\Mercury.Messaging.Core\Messages\MessageBase.cs:line 190
   at Mercury.Messaging.Messages.RequestBase`1.WriteXml(XmlWriter writer) in C:\Users\chris.mankin\Documents\Visual Studio 2010\Projects\Development\Mercury Framework v2\Src\Mercury.Messaging.Core\Messages\Stereotypes\RequestBase.cs:line 201
   at System.Xml.Serialization.XmlSerializationWriter.WriteSerializable(IXmlSerializable serializable, String name, String ns, Boolean isNullable, Boolean wrapped)
   at Microsoft.Xml.Serialization.GeneratedAssembly.XmlSerializationWriterRequestBase1.Write1_RequestBaseOfGetValueMessage(Object o)
 --- End of inner exception stack trace ---
    at System.Xml.Serialization.XmlSerializer.Serialize(XmlWriter xmlWriter, Object o, XmlSerializerNamespaces namespaces, String encodingStyle, String id)
   at System.Xml.Serialization.XmlSerializer.Serialize(TextWriter textWriter, Object o, XmlSerializerNamespaces namespaces)
   at System.Xml.Serialization.XmlSerializer.Serialize(TextWriter textWriter, Object o)
   at Mercury.Messaging.Serialization.RuntimeSerializer.Serialize(Object data, Encoding encoding) in C:\Users\chris.mankin\Documents\Visual Studio 2010\Projects\Development\Mercury Framework v2\Src\Mercury.Messaging.Core\Serialization\RuntimeSerializer.cs:line 84
   at Mercury.Messaging.Serialization.RuntimeSerializer.Serialize(Object data) in C:\Users\chris.mankin\Documents\Visual Studio 2010\Projects\Development\Mercury Framework v2\Src\Mercury.Messaging.Core\Serialization\RuntimeSerializer.cs:line 63
   at Mercury.Messaging.Instrumentation.ContextInfo.NewInfo(IRoutingContext context, IResource resource, RuntimeEnvironment environment, Boolean captureAllResources, MethodBase methodContext, String message) in C:\Users\chris.mankin\Documents\Visual Studio 2010\Projects\Development\Mercury Framework v2\Src\Mercury.Messaging.Core\Instrumentation\ContextInfo.cs:line 153
   at Mercury.Messaging.Channels.ChannelBase.TraceContext(MethodBase methodContext, IRoutingContext routeContext, IResource resource, RuntimeEnvironment environment, IPEndPoint receiverEP, String receiverId, String message) in C:\Users\chris.mankin\Documents\Visual Studio 2010\Projects\Development\Mercury Framework v2\Src\Mercury.Messaging.Core\Channels\ChannelBase.cs:line 89
   at Mercury.Messaging.Channels.FutureChannel`1.Send[T](T message) in C:\Users\chris.mankin\Documents\Visual Studio 2010\Projects\Development\Mercury Framework v2\Src\Mercury.Messaging.Core\Channels\FutureChannel.cs:line 99
   at Mercury.Messaging.Core.FutureExtensions.SendFuture[TResult,TMessage](LocalRefChannel reference, TMessage message) in C:\Users\chris.mankin\Documents\Visual Studio 2010\Projects\Development\Mercury Framework v2\Src\Mercury.Messaging.Core\Core\FutureExtensions.cs:line 28
   at Mercury.Messaging.Core.FutureExtensions.SendFuture[TResult,TMessage](LocalRef reference, TMessage message) in C:\Users\chris.mankin\Documents\Visual Studio 2010\Projects\Development\Mercury Framework v2\Src\Mercury.Messaging.Core\Core\FutureExtensions.cs:line 56
   at Mercury.Messaging.Test.Agent_specs.Future_can_be_called_twice_without_consequences() in C:\Users\chris.mankin\Documents\Visual Studio 2010\Projects\Development\Mercury Framework v2\Src\Mercury.Messaging.Test\Agents\Agent_specs.cs:line 371
</StackTrace>
        </ErrorInfo>
      </Output>
    </UnitTestResult>
    <UnitTestResult executionId="e1dc33a8-2bb3-46bc-9158-3fa51de2029e" testId="dee139b8-437d-98e4-8e02-68ce168542d2" testName="Future_accumulates_messages_while_waiting_for_result" computerName="TLCINIR8FR0NY" duration="00:00:00.4262359" startTime="2013-07-03T14:32:34.4614770-05:00" endTime="2013-07-03T14:32:34.8826824-05:00" testType="13cdc9d9-ddb5-4fa4-a97d-d965ccfc6d4b" outcome="Failed" testListId="8c84fa94-04c1-424b-9868-57a2d4851a1d" relativeResultsDirectory="e1dc33a8-2bb3-46bc-9158-3fa51de2029e">
      <Output>
        <ErrorInfo>
          <Message>Test method Mercury.Messaging.Test.Agent_specs.Future_accumulates_messages_while_waiting_for_result threw exception: 
System.InvalidOperationException: There was an error generating the XML document. ---&gt; System.InvalidOperationException: Unable to generate a temporary class (result=1).
error CS0272: The property or indexer 'Mercury.Messaging.Test.Agents.Mock.GetValueMessage.Wait' cannot be used in this context because the set accessor is inaccessible
</Message>
          <StackTrace>    at System.Xml.Serialization.Compiler.Compile(Assembly parent, String ns, XmlSerializerCompilerParameters xmlParameters, Evidence evidence)
   at System.Xml.Serialization.TempAssembly.GenerateAssembly(XmlMapping[] xmlMappings, Type[] types, String defaultNamespace, Evidence evidence, XmlSerializerCompilerParameters parameters, Assembly assembly, Hashtable assemblies)
   at System.Xml.Serialization.XmlSerializer.GenerateTempAssembly(XmlMapping xmlMapping, Type type, String defaultNamespace)
   at System.Xml.Serialization.XmlSerializer..ctor(Type type, String defaultNamespace)
   at System.Xml.Serialization.XmlSerializer..ctor(Type type)
   at Mercury.Messaging.Serialization.RuntimeSerializer.Serialize(Object data, XmlWriter writer) in C:\Users\chris.mankin\Documents\Visual Studio 2010\Projects\Development\Mercury Framework v2\Src\Mercury.Messaging.Core\Serialization\RuntimeSerializer.cs:line 98
   at Mercury.Messaging.Messages.MessageBase`1.WriteXml(XmlWriter writer) in C:\Users\chris.mankin\Documents\Visual Studio 2010\Projects\Development\Mercury Framework v2\Src\Mercury.Messaging.Core\Messages\MessageBase.cs:line 190
   at Mercury.Messaging.Messages.RequestBase`1.WriteXml(XmlWriter writer) in C:\Users\chris.mankin\Documents\Visual Studio 2010\Projects\Development\Mercury Framework v2\Src\Mercury.Messaging.Core\Messages\Stereotypes\RequestBase.cs:line 201
   at System.Xml.Serialization.XmlSerializationWriter.WriteSerializable(IXmlSerializable serializable, String name, String ns, Boolean isNullable, Boolean wrapped)
   at Microsoft.Xml.Serialization.GeneratedAssembly.XmlSerializationWriterRequestBase1.Write1_RequestBaseOfGetValueMessage(Object o)
 --- End of inner exception stack trace ---
    at System.Xml.Serialization.XmlSerializer.Serialize(XmlWriter xmlWriter, Object o, XmlSerializerNamespaces namespaces, String encodingStyle, String id)
   at System.Xml.Serialization.XmlSerializer.Serialize(TextWriter textWriter, Object o, XmlSerializerNamespaces namespaces)
   at System.Xml.Serialization.XmlSerializer.Serialize(TextWriter textWriter, Object o)
   at Mercury.Messaging.Serialization.RuntimeSerializer.Serialize(Object data, Encoding encoding) in C:\Users\chris.mankin\Documents\Visual Studio 2010\Projects\Development\Mercury Framework v2\Src\Mercury.Messaging.Core\Serialization\RuntimeSerializer.cs:line 84
   at Mercury.Messaging.Serialization.RuntimeSerializer.Serialize(Object data) in C:\Users\chris.mankin\Documents\Visual Studio 2010\Projects\Development\Mercury Framework v2\Src\Mercury.Messaging.Core\Serialization\RuntimeSerializer.cs:line 63
   at Mercury.Messaging.Instrumentation.ContextInfo.NewInfo(IRoutingContext context, IResource resource, RuntimeEnvironment environment, Boolean captureAllResources, MethodBase methodContext, String message) in C:\Users\chris.mankin\Documents\Visual Studio 2010\Projects\Development\Mercury Framework v2\Src\Mercury.Messaging.Core\Instrumentation\ContextInfo.cs:line 153
   at Mercury.Messaging.Channels.ChannelBase.TraceContext(MethodBase methodContext, IRoutingContext routeContext, IResource resource, RuntimeEnvironment environment, IPEndPoint receiverEP, String receiverId, String message) in C:\Users\chris.mankin\Documents\Visual Studio 2010\Projects\Development\Mercury Framework v2\Src\Mercury.Messaging.Core\Channels\ChannelBase.cs:line 89
   at Mercury.Messaging.Channels.FutureChannel`1.Send[T](T message) in C:\Users\chris.mankin\Documents\Visual Studio 2010\Projects\Development\Mercury Framework v2\Src\Mercury.Messaging.Core\Channels\FutureChannel.cs:line 99
   at Mercury.Messaging.Core.FutureExtensions.SendFuture[TResult,TMessage](LocalRefChannel reference, TMessage message) in C:\Users\chris.mankin\Documents\Visual Studio 2010\Projects\Development\Mercury Framework v2\Src\Mercury.Messaging.Core\Core\FutureExtensions.cs:line 28
   at Mercury.Messaging.Core.FutureExtensions.SendFuture[TResult,TMessage](LocalRef reference, TMessage message) in C:\Users\chris.mankin\Documents\Visual Studio 2010\Projects\Development\Mercury Framework v2\Src\Mercury.Messaging.Core\Core\FutureExtensions.cs:line 56
   at Mercury.Messaging.Test.Agent_specs.Future_accumulates_messages_while_waiting_for_result() in C:\Users\chris.mankin\Documents\Visual Studio 2010\Projects\Development\Mercury Framework v2\Src\Mercury.Messaging.Test\Agents\Agent_specs.cs:line 400
</StackTrace>
        </ErrorInfo>
      </Output>
    </UnitTestResult>
  </Results>
</TestRun>